{"/home/travis/build/npmtest/node-npmtest-sweet-scroll/test.js":{"path":"/home/travis/build/npmtest/node-npmtest-sweet-scroll/test.js","s":{"1":2,"2":2,"3":2,"4":2,"5":2,"6":2,"7":2,"8":1,"9":2,"10":2,"11":1,"12":1,"13":1,"14":1,"15":2,"16":2,"17":2,"18":2,"19":1,"20":1,"21":2,"22":2,"23":2,"24":1,"25":1,"26":1,"27":1,"28":1,"29":1,"30":1,"31":1,"32":1,"33":1,"34":1,"35":1,"36":1,"37":1,"38":1,"39":2,"40":2,"41":1,"42":2,"43":2,"44":1,"45":2,"46":2,"47":1,"48":2,"49":2,"50":1,"51":1,"52":1,"53":1,"54":1},"b":{"1":[2,1,1,1],"2":[1,1,1,1],"3":[1,1],"4":[1,1],"5":[1,1],"6":[1,1],"7":[1,1],"8":[1,1],"9":[1,1],"10":[1,1,1],"11":[1,1],"12":[1,1],"13":[1,1],"14":[1,1],"15":[1,1],"16":[1,1],"17":[1,1]},"f":{"1":2,"2":2,"3":2,"4":2,"5":2,"6":1,"7":1,"8":1,"9":2,"10":2,"11":2,"12":2,"13":1},"fnMap":{"1":{"name":"(anonymous_1)","line":12,"loc":{"start":{"line":12,"column":1},"end":{"line":12,"column":13}}},"2":{"name":"(anonymous_2)","line":19,"loc":{"start":{"line":19,"column":5},"end":{"line":19,"column":17}}},"3":{"name":"(anonymous_3)","line":23,"loc":{"start":{"line":23,"column":24},"end":{"line":23,"column":36}}},"4":{"name":"(anonymous_4)","line":61,"loc":{"start":{"line":61,"column":5},"end":{"line":61,"column":17}}},"5":{"name":"(anonymous_5)","line":82,"loc":{"start":{"line":82,"column":5},"end":{"line":82,"column":17}}},"6":{"name":"(anonymous_6)","line":91,"loc":{"start":{"line":91,"column":77},"end":{"line":94,"column":10}}},"7":{"name":"(anonymous_7)","line":112,"loc":{"start":{"line":112,"column":83},"end":{"line":115,"column":10}},"skip":true},"8":{"name":"(anonymous_8)","line":123,"loc":{"start":{"line":123,"column":77},"end":{"line":126,"column":10}},"skip":true},"9":{"name":"(anonymous_9)","line":139,"loc":{"start":{"line":139,"column":12},"end":{"line":139,"column":40}},"skip":true},"10":{"name":"(anonymous_10)","line":147,"loc":{"start":{"line":147,"column":77},"end":{"line":150,"column":10}},"skip":true},"11":{"name":"(anonymous_11)","line":158,"loc":{"start":{"line":158,"column":83},"end":{"line":161,"column":10}},"skip":true},"12":{"name":"(anonymous_12)","line":169,"loc":{"start":{"line":169,"column":79},"end":{"line":172,"column":10}},"skip":true},"13":{"name":"(anonymous_13)","line":180,"loc":{"start":{"line":180,"column":75},"end":{"line":183,"column":10}},"skip":true}},"statementMap":{"1":{"start":{"line":12,"column":0},"end":{"line":195,"column":5}},"2":{"start":{"line":14,"column":4},"end":{"line":14,"column":14}},"3":{"start":{"line":19,"column":4},"end":{"line":56,"column":9}},"4":{"start":{"line":21,"column":8},"end":{"line":21,"column":19}},"5":{"start":{"line":23,"column":8},"end":{"line":35,"column":13}},"6":{"start":{"line":24,"column":12},"end":{"line":34,"column":13}},"7":{"start":{"line":25,"column":16},"end":{"line":28,"column":30}},"8":{"start":{"line":30,"column":16},"end":{"line":33,"column":27}},"9":{"start":{"line":37,"column":8},"end":{"line":39,"column":21}},"10":{"start":{"line":40,"column":8},"end":{"line":53,"column":9}},"11":{"start":{"line":43,"column":12},"end":{"line":46,"column":14}},"12":{"start":{"line":47,"column":12},"end":{"line":47,"column":18}},"13":{"start":{"line":50,"column":12},"end":{"line":51,"column":33}},"14":{"start":{"line":52,"column":12},"end":{"line":52,"column":18}},"15":{"start":{"line":55,"column":8},"end":{"line":55,"column":35}},"16":{"start":{"line":61,"column":4},"end":{"line":63,"column":9}},"17":{"start":{"line":62,"column":8},"end":{"line":62,"column":15}},"18":{"start":{"line":64,"column":4},"end":{"line":77,"column":5}},"19":{"start":{"line":70,"column":8},"end":{"line":70,"column":14}},"20":{"start":{"line":76,"column":8},"end":{"line":76,"column":14}},"21":{"start":{"line":82,"column":4},"end":{"line":84,"column":9}},"22":{"start":{"line":83,"column":8},"end":{"line":83,"column":15}},"23":{"start":{"line":85,"column":4},"end":{"line":194,"column":5}},"24":{"start":{"line":91,"column":8},"end":{"line":99,"column":10}},"25":{"start":{"line":98,"column":12},"end":{"line":98,"column":35}},"26":{"start":{"line":102,"column":8},"end":{"line":104,"column":63}},"27":{"start":{"line":105,"column":8},"end":{"line":105,"column":14}},"28":{"start":{"line":112,"column":8},"end":{"line":121,"column":10},"skip":true},"29":{"start":{"line":119,"column":12},"end":{"line":119,"column":55},"skip":true},"30":{"start":{"line":120,"column":12},"end":{"line":120,"column":48},"skip":true},"31":{"start":{"line":123,"column":8},"end":{"line":136,"column":10},"skip":true},"32":{"start":{"line":130,"column":12},"end":{"line":130,"column":76},"skip":true},"33":{"start":{"line":131,"column":12},"end":{"line":131,"column":73},"skip":true},"34":{"start":{"line":132,"column":12},"end":{"line":132,"column":74},"skip":true},"35":{"start":{"line":133,"column":12},"end":{"line":133,"column":79},"skip":true},"36":{"start":{"line":134,"column":12},"end":{"line":134,"column":25},"skip":true},"37":{"start":{"line":135,"column":12},"end":{"line":135,"column":45},"skip":true},"38":{"start":{"line":138,"column":8},"end":{"line":145,"column":14},"skip":true},"39":{"start":{"line":143,"column":16},"end":{"line":143,"column":29},"skip":true},"40":{"start":{"line":144,"column":16},"end":{"line":144,"column":55},"skip":true},"41":{"start":{"line":147,"column":8},"end":{"line":156,"column":10},"skip":true},"42":{"start":{"line":154,"column":12},"end":{"line":154,"column":25},"skip":true},"43":{"start":{"line":155,"column":12},"end":{"line":155,"column":45},"skip":true},"44":{"start":{"line":158,"column":8},"end":{"line":167,"column":10},"skip":true},"45":{"start":{"line":165,"column":12},"end":{"line":165,"column":25},"skip":true},"46":{"start":{"line":166,"column":12},"end":{"line":166,"column":48},"skip":true},"47":{"start":{"line":169,"column":8},"end":{"line":178,"column":10},"skip":true},"48":{"start":{"line":176,"column":12},"end":{"line":176,"column":25},"skip":true},"49":{"start":{"line":177,"column":12},"end":{"line":177,"column":46},"skip":true},"50":{"start":{"line":180,"column":8},"end":{"line":189,"column":10},"skip":true},"51":{"start":{"line":187,"column":12},"end":{"line":187,"column":94},"skip":true},"52":{"start":{"line":188,"column":12},"end":{"line":188,"column":48},"skip":true},"53":{"start":{"line":192,"column":8},"end":{"line":192,"column":35},"skip":true},"54":{"start":{"line":193,"column":8},"end":{"line":193,"column":14},"skip":true}},"branchMap":{"1":{"line":25,"type":"binary-expr","locations":[{"start":{"line":25,"column":23},"end":{"line":25,"column":62}},{"start":{"line":26,"column":20},"end":{"line":26,"column":70}},{"start":{"line":27,"column":20},"end":{"line":27,"column":71}},{"start":{"line":28,"column":20},"end":{"line":28,"column":29}}]},"2":{"line":30,"type":"binary-expr","locations":[{"start":{"line":30,"column":23},"end":{"line":30,"column":37}},{"start":{"line":31,"column":20},"end":{"line":31,"column":61}},{"start":{"line":32,"column":20},"end":{"line":32,"column":70}},{"start":{"line":33,"column":20},"end":{"line":33,"column":26}}]},"3":{"line":37,"type":"cond-expr","locations":[{"start":{"line":38,"column":14},"end":{"line":38,"column":20}},{"start":{"line":39,"column":14},"end":{"line":39,"column":20}}]},"4":{"line":40,"type":"switch","locations":[{"start":{"line":42,"column":8},"end":{"line":47,"column":18}},{"start":{"line":49,"column":8},"end":{"line":52,"column":18}}]},"5":{"line":44,"type":"binary-expr","locations":[{"start":{"line":44,"column":16},"end":{"line":44,"column":44}},{"start":{"line":44,"column":48},"end":{"line":44,"column":66}}]},"6":{"line":50,"type":"binary-expr","locations":[{"start":{"line":50,"column":21},"end":{"line":50,"column":49}},{"start":{"line":50,"column":53},"end":{"line":50,"column":72}}]},"7":{"line":64,"type":"switch","locations":[{"start":{"line":69,"column":4},"end":{"line":70,"column":14}},{"start":{"line":75,"column":4},"end":{"line":76,"column":14}}]},"8":{"line":85,"type":"switch","locations":[{"start":{"line":90,"column":4},"end":{"line":105,"column":14}},{"start":{"line":111,"column":4},"end":{"line":193,"column":14},"skip":true}]},"9":{"line":91,"type":"binary-expr","locations":[{"start":{"line":91,"column":42},"end":{"line":91,"column":73}},{"start":{"line":91,"column":77},"end":{"line":99,"column":9}}]},"10":{"line":102,"type":"binary-expr","locations":[{"start":{"line":102,"column":18},"end":{"line":102,"column":32}},{"start":{"line":103,"column":12},"end":{"line":103,"column":53}},{"start":{"line":104,"column":12},"end":{"line":104,"column":61}}]},"11":{"line":112,"type":"binary-expr","locations":[{"start":{"line":112,"column":45},"end":{"line":112,"column":79},"skip":true},{"start":{"line":112,"column":83},"end":{"line":121,"column":9},"skip":true}]},"12":{"line":123,"type":"binary-expr","locations":[{"start":{"line":123,"column":42},"end":{"line":123,"column":73},"skip":true},{"start":{"line":123,"column":77},"end":{"line":136,"column":9},"skip":true}]},"13":{"line":138,"type":"binary-expr","locations":[{"start":{"line":138,"column":48},"end":{"line":138,"column":85},"skip":true},{"start":{"line":139,"column":12},"end":{"line":145,"column":13},"skip":true}]},"14":{"line":147,"type":"binary-expr","locations":[{"start":{"line":147,"column":42},"end":{"line":147,"column":73},"skip":true},{"start":{"line":147,"column":77},"end":{"line":156,"column":9},"skip":true}]},"15":{"line":158,"type":"binary-expr","locations":[{"start":{"line":158,"column":45},"end":{"line":158,"column":79},"skip":true},{"start":{"line":158,"column":83},"end":{"line":167,"column":9},"skip":true}]},"16":{"line":169,"type":"binary-expr","locations":[{"start":{"line":169,"column":43},"end":{"line":169,"column":75},"skip":true},{"start":{"line":169,"column":79},"end":{"line":178,"column":9},"skip":true}]},"17":{"line":180,"type":"binary-expr","locations":[{"start":{"line":180,"column":41},"end":{"line":180,"column":71},"skip":true},{"start":{"line":180,"column":75},"end":{"line":189,"column":9},"skip":true}]}},"code":["/* istanbul instrument in package npmtest_sweet_scroll */","/*jslint","    bitwise: true,","    browser: true,","    maxerr: 8,","    maxlen: 96,","    node: true,","    nomen: true,","    regexp: true,","    stupid: true","*/","(function () {","    'use strict';","    var local;","","","","    // run shared js-env code - init-before","    (function () {","        // init local","        local = {};","        // init modeJs","        local.modeJs = (function () {","            try {","                return typeof navigator.userAgent === 'string' &&","                    typeof document.querySelector('body') === 'object' &&","                    typeof XMLHttpRequest.prototype.open === 'function' &&","                    'browser';","            } catch (errorCaughtBrowser) {","                return module.exports &&","                    typeof process.versions.node === 'string' &&","                    typeof require('http').createServer === 'function' &&","                    'node';","            }","        }());","        // init global","        local.global = local.modeJs === 'browser'","            ? window","            : global;","        switch (local.modeJs) {","        // re-init local from window.local","        case 'browser':","            local = local.global.utility2.objectSetDefault(","                local.global.utility2_rollup || local.global.local,","                local.global.utility2","            );","            break;","        // re-init local from example.js","        case 'node':","            local = (local.global.utility2_rollup || require('utility2'))","                .requireReadme();","            break;","        }","        // export local","        local.global.local = local;","    }());","","","","    // run shared js-env code - function","    (function () {","        return;","    }());","    switch (local.modeJs) {","","","","    // run browser js-env code - function","    case 'browser':","        break;","","","","    // run node js-env code - function","    case 'node':","        break;","    }","","","","    // run shared js-env code - init-after","    (function () {","        return;","    }());","    switch (local.modeJs) {","","","","    // run browser js-env code - init-after","    case 'browser':","        local.testCase_browser_nullCase = local.testCase_browser_nullCase || function (","            options,","            onError","        ) {","        /*","         * this function will test browsers's null-case handling-behavior-behavior","         */","            onError(null, options);","        };","","        // run tests","        local.nop(local.modeTest &&","            document.querySelector('#testRunButton1') &&","            document.querySelector('#testRunButton1').click());","        break;","","","","    // run node js-env code - init-after","    /* istanbul ignore next */","    case 'node':","        local.testCase_buildApidoc_default = local.testCase_buildApidoc_default || function (","            options,","            onError","        ) {","        /*","         * this function will test buildApidoc's default handling-behavior-behavior","         */","            options = { modulePathList: module.paths };","            local.buildApidoc(options, onError);","        };","","        local.testCase_buildApp_default = local.testCase_buildApp_default || function (","            options,","            onError","        ) {","        /*","         * this function will test buildApp's default handling-behavior-behavior","         */","            local.testCase_buildReadme_default(options, local.onErrorThrow);","            local.testCase_buildLib_default(options, local.onErrorThrow);","            local.testCase_buildTest_default(options, local.onErrorThrow);","            local.testCase_buildCustomOrg_default(options, local.onErrorThrow);","            options = [];","            local.buildApp(options, onError);","        };","","        local.testCase_buildCustomOrg_default = local.testCase_buildCustomOrg_default ||","            function (options, onError) {","            /*","             * this function will test buildCustomOrg's default handling-behavior","             */","                options = {};","                local.buildCustomOrg(options, onError);","            };","","        local.testCase_buildLib_default = local.testCase_buildLib_default || function (","            options,","            onError","        ) {","        /*","         * this function will test buildLib's default handling-behavior","         */","            options = {};","            local.buildLib(options, onError);","        };","","        local.testCase_buildReadme_default = local.testCase_buildReadme_default || function (","            options,","            onError","        ) {","        /*","         * this function will test buildReadme's default handling-behavior-behavior","         */","            options = {};","            local.buildReadme(options, onError);","        };","","        local.testCase_buildTest_default = local.testCase_buildTest_default || function (","            options,","            onError","        ) {","        /*","         * this function will test buildTest's default handling-behavior","         */","            options = {};","            local.buildTest(options, onError);","        };","","        local.testCase_webpage_default = local.testCase_webpage_default || function (","            options,","            onError","        ) {","        /*","         * this function will test webpage's default handling-behavior","         */","            options = { modeCoverageMerge: true, url: local.serverLocalHost + '?modeTest=1' };","            local.browserTest(options, onError);","        };","","        // run test-server","        local.testRunServer(local);","        break;","    }","}());",""],"l":{"12":2,"14":2,"19":2,"21":2,"23":2,"24":2,"25":2,"30":1,"37":2,"40":2,"43":1,"47":1,"50":1,"52":1,"55":2,"61":2,"62":2,"64":2,"70":1,"76":1,"82":2,"83":2,"85":2,"91":1,"98":1,"102":1,"105":1,"112":1,"119":1,"120":1,"123":1,"130":1,"131":1,"132":1,"133":1,"134":1,"135":1,"138":1,"143":2,"144":2,"147":1,"154":2,"155":2,"158":1,"165":2,"166":2,"169":1,"176":2,"177":2,"180":1,"187":1,"188":1,"192":1,"193":1}},"/home/travis/build/npmtest/node-npmtest-sweet-scroll/lib.npmtest_sweet_scroll.js":{"path":"/home/travis/build/npmtest/node-npmtest-sweet-scroll/lib.npmtest_sweet_scroll.js","s":{"1":2,"2":2,"3":2,"4":2,"5":2,"6":2,"7":2,"8":1,"9":2,"10":2,"11":2,"12":2,"13":1,"14":1,"15":1,"16":1},"b":{"1":[2,1,1,1],"2":[1,1,1,1],"3":[1,1],"4":[2,2],"5":[1,1]},"f":{"1":2,"2":2,"3":2},"fnMap":{"1":{"name":"(anonymous_1)","line":12,"loc":{"start":{"line":12,"column":1},"end":{"line":12,"column":13}}},"2":{"name":"(anonymous_2)","line":19,"loc":{"start":{"line":19,"column":5},"end":{"line":19,"column":17}}},"3":{"name":"(anonymous_3)","line":23,"loc":{"start":{"line":23,"column":24},"end":{"line":23,"column":36}}}},"statementMap":{"1":{"start":{"line":12,"column":0},"end":{"line":53,"column":5}},"2":{"start":{"line":14,"column":4},"end":{"line":14,"column":14}},"3":{"start":{"line":19,"column":4},"end":{"line":52,"column":9}},"4":{"start":{"line":21,"column":8},"end":{"line":21,"column":19}},"5":{"start":{"line":23,"column":8},"end":{"line":35,"column":13}},"6":{"start":{"line":24,"column":12},"end":{"line":34,"column":13}},"7":{"start":{"line":25,"column":16},"end":{"line":28,"column":30}},"8":{"start":{"line":30,"column":16},"end":{"line":33,"column":27}},"9":{"start":{"line":37,"column":8},"end":{"line":39,"column":21}},"10":{"start":{"line":41,"column":8},"end":{"line":41,"column":54}},"11":{"start":{"line":43,"column":8},"end":{"line":43,"column":57}},"12":{"start":{"line":45,"column":8},"end":{"line":51,"column":9}},"13":{"start":{"line":46,"column":12},"end":{"line":46,"column":63}},"14":{"start":{"line":48,"column":12},"end":{"line":48,"column":35}},"15":{"start":{"line":49,"column":12},"end":{"line":49,"column":49}},"16":{"start":{"line":50,"column":12},"end":{"line":50,"column":43}}},"branchMap":{"1":{"line":25,"type":"binary-expr","locations":[{"start":{"line":25,"column":23},"end":{"line":25,"column":62}},{"start":{"line":26,"column":20},"end":{"line":26,"column":70}},{"start":{"line":27,"column":20},"end":{"line":27,"column":71}},{"start":{"line":28,"column":20},"end":{"line":28,"column":29}}]},"2":{"line":30,"type":"binary-expr","locations":[{"start":{"line":30,"column":23},"end":{"line":30,"column":37}},{"start":{"line":31,"column":20},"end":{"line":31,"column":61}},{"start":{"line":32,"column":20},"end":{"line":32,"column":70}},{"start":{"line":33,"column":20},"end":{"line":33,"column":26}}]},"3":{"line":37,"type":"cond-expr","locations":[{"start":{"line":38,"column":14},"end":{"line":38,"column":20}},{"start":{"line":39,"column":14},"end":{"line":39,"column":20}}]},"4":{"line":41,"type":"binary-expr","locations":[{"start":{"line":41,"column":16},"end":{"line":41,"column":44}},{"start":{"line":41,"column":48},"end":{"line":41,"column":53}}]},"5":{"line":45,"type":"if","locations":[{"start":{"line":45,"column":8},"end":{"line":45,"column":8}},{"start":{"line":45,"column":8},"end":{"line":45,"column":8}}]}},"code":["/* istanbul instrument in package npmtest_sweet_scroll */","/*jslint","    bitwise: true,","    browser: true,","    maxerr: 8,","    maxlen: 96,","    node: true,","    nomen: true,","    regexp: true,","    stupid: true","*/","(function () {","    'use strict';","    var local;","","","","    // run shared js-env code - init-before","    (function () {","        // init local","        local = {};","        // init modeJs","        local.modeJs = (function () {","            try {","                return typeof navigator.userAgent === 'string' &&","                    typeof document.querySelector('body') === 'object' &&","                    typeof XMLHttpRequest.prototype.open === 'function' &&","                    'browser';","            } catch (errorCaughtBrowser) {","                return module.exports &&","                    typeof process.versions.node === 'string' &&","                    typeof require('http').createServer === 'function' &&","                    'node';","            }","        }());","        // init global","        local.global = local.modeJs === 'browser'","            ? window","            : global;","        // init utility2_rollup","        local = local.global.utility2_rollup || local;","        // init lib","        local.local = local.npmtest_sweet_scroll = local;","        // init exports","        if (local.modeJs === 'browser') {","            local.global.utility2_npmtest_sweet_scroll = local;","        } else {","            module.exports = local;","            module.exports.__dirname = __dirname;","            module.exports.module = module;","        }","    }());","}());",""],"l":{"12":2,"14":2,"19":2,"21":2,"23":2,"24":2,"25":2,"30":1,"37":2,"41":2,"43":2,"45":2,"46":1,"48":1,"49":1,"50":1}},"/home/travis/build/npmtest/node-npmtest-sweet-scroll/example.js":{"path":"/home/travis/build/npmtest/node-npmtest-sweet-scroll/example.js","s":{"1":2,"2":2,"3":2,"4":2,"5":2,"6":2,"7":2,"8":1,"9":2,"10":2,"11":2,"12":2,"13":1,"14":2,"15":2,"16":2,"17":2,"18":2,"19":0,"20":2,"21":1,"22":1,"23":1,"24":1,"25":1,"26":0,"27":0,"28":1,"29":1,"30":2,"31":0,"32":0,"33":0,"34":1,"35":2,"36":2,"37":3,"38":3,"39":3,"40":3,"41":0,"42":3,"43":3,"44":3,"45":1,"46":3,"47":1,"48":1,"49":1,"50":1,"51":1,"52":1,"53":1,"54":1,"55":1,"56":1,"57":0,"58":1,"59":6,"60":6,"61":1,"62":2,"63":0,"64":2,"65":1,"66":1,"67":0,"68":0,"69":0,"70":0,"71":0,"72":0,"73":0,"74":0,"75":0,"76":0,"77":0,"78":0,"79":0,"80":0,"81":0,"82":0,"83":0},"b":{"1":[2,1,1,1],"2":[1,1,1,1],"3":[1,1],"4":[2,2],"5":[1,1],"6":[1,1],"7":[2,0],"8":[2,1,1,1,1,1],"9":[0,2,0],"10":[1,1],"11":[2,1,1],"12":[1,0],"13":[0,2],"14":[2,0,0,0,0,0,0],"15":[0,3],"16":[3,0],"17":[1,1],"18":[0,1],"19":[1,2,0,2],"20":[1,0],"21":[1,1],"22":[0,0],"23":[0,0],"24":[0,0],"25":[0,0],"26":[0,0],"27":[0,0],"28":[0,0]},"f":{"1":2,"2":2,"3":2,"4":2,"5":2,"6":2,"7":3,"8":3,"9":3,"10":1,"11":6,"12":0},"fnMap":{"1":{"name":"(anonymous_1)","line":26,"loc":{"start":{"line":26,"column":1},"end":{"line":26,"column":13}}},"2":{"name":"(anonymous_2)","line":33,"loc":{"start":{"line":33,"column":5},"end":{"line":33,"column":17}}},"3":{"name":"(anonymous_3)","line":37,"loc":{"start":{"line":37,"column":24},"end":{"line":37,"column":36}}},"4":{"name":"(anonymous_4)","line":69,"loc":{"start":{"line":69,"column":31},"end":{"line":69,"column":48}},"skip":true},"5":{"name":"(anonymous_5)","line":78,"loc":{"start":{"line":78,"column":26},"end":{"line":78,"column":45}},"skip":true},"6":{"name":"(anonymous_6)","line":123,"loc":{"start":{"line":123,"column":33},"end":{"line":123,"column":48}},"skip":true},"7":{"name":"(anonymous_7)","line":125,"loc":{"start":{"line":125,"column":27},"end":{"line":125,"column":39}},"skip":true},"8":{"name":"(anonymous_8)","line":133,"loc":{"start":{"line":133,"column":59},"end":{"line":133,"column":74}},"skip":true},"9":{"name":"(anonymous_9)","line":143,"loc":{"start":{"line":143,"column":45},"end":{"line":143,"column":62}},"skip":true},"10":{"name":"(anonymous_10)","line":144,"loc":{"start":{"line":144,"column":73},"end":{"line":144,"column":92}},"skip":true},"11":{"name":"(anonymous_11)","line":272,"loc":{"start":{"line":272,"column":51},"end":{"line":272,"column":77}},"skip":true},"12":{"name":"(anonymous_12)","line":315,"loc":{"start":{"line":315,"column":32},"end":{"line":315,"column":61}},"skip":true}},"statementMap":{"1":{"start":{"line":26,"column":0},"end":{"line":326,"column":5}},"2":{"start":{"line":28,"column":4},"end":{"line":28,"column":14}},"3":{"start":{"line":33,"column":4},"end":{"line":60,"column":9}},"4":{"start":{"line":35,"column":8},"end":{"line":35,"column":19}},"5":{"start":{"line":37,"column":8},"end":{"line":49,"column":13}},"6":{"start":{"line":38,"column":12},"end":{"line":48,"column":13}},"7":{"start":{"line":39,"column":16},"end":{"line":42,"column":30}},"8":{"start":{"line":44,"column":16},"end":{"line":47,"column":27}},"9":{"start":{"line":51,"column":8},"end":{"line":53,"column":21}},"10":{"start":{"line":55,"column":8},"end":{"line":57,"column":45}},"11":{"start":{"line":59,"column":8},"end":{"line":59,"column":35}},"12":{"start":{"line":61,"column":4},"end":{"line":325,"column":5}},"13":{"start":{"line":69,"column":8},"end":{"line":121,"column":10},"skip":true},"14":{"start":{"line":70,"column":12},"end":{"line":88,"column":13},"skip":true},"15":{"start":{"line":76,"column":16},"end":{"line":87,"column":19},"skip":true},"16":{"start":{"line":79,"column":20},"end":{"line":86,"column":21},"skip":true},"17":{"start":{"line":82,"column":24},"end":{"line":82,"column":43},"skip":true},"18":{"start":{"line":83,"column":24},"end":{"line":83,"column":30},"skip":true},"19":{"start":{"line":85,"column":24},"end":{"line":85,"column":49},"skip":true},"20":{"start":{"line":89,"column":12},"end":{"line":107,"column":13},"skip":true},"21":{"start":{"line":92,"column":16},"end":{"line":102,"column":17},"skip":true},"22":{"start":{"line":93,"column":20},"end":{"line":93,"column":86},"skip":true},"23":{"start":{"line":94,"column":20},"end":{"line":95,"column":45},"skip":true},"24":{"start":{"line":96,"column":20},"end":{"line":96,"column":42},"skip":true},"25":{"start":{"line":97,"column":20},"end":{"line":97,"column":48},"skip":true},"26":{"start":{"line":100,"column":20},"end":{"line":100,"column":85},"skip":true},"27":{"start":{"line":101,"column":20},"end":{"line":101,"column":96},"skip":true},"28":{"start":{"line":103,"column":16},"end":{"line":103,"column":22},"skip":true},"29":{"start":{"line":106,"column":16},"end":{"line":106,"column":22},"skip":true},"30":{"start":{"line":108,"column":12},"end":{"line":120,"column":13},"skip":true},"31":{"start":{"line":114,"column":16},"end":{"line":119,"column":17},"skip":true},"32":{"start":{"line":116,"column":20},"end":{"line":116,"column":78},"skip":true},"33":{"start":{"line":118,"column":20},"end":{"line":118,"column":47},"skip":true},"34":{"start":{"line":123,"column":8},"end":{"line":141,"column":11},"skip":true},"35":{"start":{"line":124,"column":12},"end":{"line":124,"column":54},"skip":true},"36":{"start":{"line":125,"column":12},"end":{"line":140,"column":14},"skip":true},"37":{"start":{"line":126,"column":16},"end":{"line":126,"column":28},"skip":true},"38":{"start":{"line":127,"column":16},"end":{"line":127,"column":69},"skip":true},"39":{"start":{"line":128,"column":16},"end":{"line":128,"column":75},"skip":true},"40":{"start":{"line":129,"column":16},"end":{"line":131,"column":17},"skip":true},"41":{"start":{"line":130,"column":20},"end":{"line":130,"column":27},"skip":true},"42":{"start":{"line":133,"column":16},"end":{"line":137,"column":36},"skip":true},"43":{"start":{"line":134,"column":20},"end":{"line":136,"column":55},"skip":true},"44":{"start":{"line":139,"column":16},"end":{"line":139,"column":57},"skip":true},"45":{"start":{"line":143,"column":8},"end":{"line":147,"column":11},"skip":true},"46":{"start":{"line":144,"column":12},"end":{"line":146,"column":15},"skip":true},"47":{"start":{"line":145,"column":16},"end":{"line":145,"column":70},"skip":true},"48":{"start":{"line":149,"column":8},"end":{"line":149,"column":31},"skip":true},"49":{"start":{"line":150,"column":8},"end":{"line":150,"column":14},"skip":true},"50":{"start":{"line":158,"column":8},"end":{"line":158,"column":31},"skip":true},"51":{"start":{"line":160,"column":8},"end":{"line":160,"column":33},"skip":true},"52":{"start":{"line":161,"column":8},"end":{"line":161,"column":37},"skip":true},"53":{"start":{"line":162,"column":8},"end":{"line":162,"column":35},"skip":true},"54":{"start":{"line":164,"column":8},"end":{"line":164,"column":50},"skip":true},"55":{"start":{"line":166,"column":8},"end":{"line":256,"column":2},"skip":true},"56":{"start":{"line":258,"column":8},"end":{"line":286,"column":9},"skip":true},"57":{"start":{"line":259,"column":12},"end":{"line":269,"column":14},"skip":true},"58":{"start":{"line":271,"column":12},"end":{"line":285,"column":19},"skip":true},"59":{"start":{"line":274,"column":20},"end":{"line":274,"column":35},"skip":true},"60":{"start":{"line":275,"column":20},"end":{"line":284,"column":21},"skip":true},"61":{"start":{"line":277,"column":24},"end":{"line":277,"column":64},"skip":true},"62":{"start":{"line":279,"column":24},"end":{"line":279,"column":40},"skip":true},"63":{"start":{"line":281,"column":24},"end":{"line":281,"column":40},"skip":true},"64":{"start":{"line":283,"column":24},"end":{"line":283,"column":39},"skip":true},"65":{"start":{"line":288,"column":8},"end":{"line":290,"column":9},"skip":true},"66":{"start":{"line":289,"column":12},"end":{"line":289,"column":18},"skip":true},"67":{"start":{"line":291,"column":8},"end":{"line":293,"column":54},"skip":true},"68":{"start":{"line":296,"column":8},"end":{"line":301,"column":37},"skip":true},"69":{"start":{"line":303,"column":8},"end":{"line":303,"column":82},"skip":true},"70":{"start":{"line":306,"column":8},"end":{"line":308,"column":9},"skip":true},"71":{"start":{"line":307,"column":12},"end":{"line":307,"column":82},"skip":true},"72":{"start":{"line":310,"column":8},"end":{"line":312,"column":9},"skip":true},"73":{"start":{"line":311,"column":12},"end":{"line":311,"column":18},"skip":true},"74":{"start":{"line":313,"column":8},"end":{"line":313,"column":54},"skip":true},"75":{"start":{"line":314,"column":8},"end":{"line":314,"column":69},"skip":true},"76":{"start":{"line":315,"column":8},"end":{"line":323,"column":36},"skip":true},"77":{"start":{"line":316,"column":12},"end":{"line":316,"column":61},"skip":true},"78":{"start":{"line":317,"column":12},"end":{"line":320,"column":13},"skip":true},"79":{"start":{"line":318,"column":16},"end":{"line":318,"column":75},"skip":true},"80":{"start":{"line":319,"column":16},"end":{"line":319,"column":23},"skip":true},"81":{"start":{"line":321,"column":12},"end":{"line":321,"column":38},"skip":true},"82":{"start":{"line":322,"column":12},"end":{"line":322,"column":27},"skip":true},"83":{"start":{"line":324,"column":8},"end":{"line":324,"column":14},"skip":true}},"branchMap":{"1":{"line":39,"type":"binary-expr","locations":[{"start":{"line":39,"column":23},"end":{"line":39,"column":62}},{"start":{"line":40,"column":20},"end":{"line":40,"column":70}},{"start":{"line":41,"column":20},"end":{"line":41,"column":71}},{"start":{"line":42,"column":20},"end":{"line":42,"column":29}}]},"2":{"line":44,"type":"binary-expr","locations":[{"start":{"line":44,"column":23},"end":{"line":44,"column":37}},{"start":{"line":45,"column":20},"end":{"line":45,"column":61}},{"start":{"line":46,"column":20},"end":{"line":46,"column":70}},{"start":{"line":47,"column":20},"end":{"line":47,"column":26}}]},"3":{"line":51,"type":"cond-expr","locations":[{"start":{"line":52,"column":14},"end":{"line":52,"column":20}},{"start":{"line":53,"column":14},"end":{"line":53,"column":20}}]},"4":{"line":55,"type":"binary-expr","locations":[{"start":{"line":55,"column":16},"end":{"line":55,"column":44}},{"start":{"line":55,"column":49},"end":{"line":57,"column":43}}]},"5":{"line":55,"type":"cond-expr","locations":[{"start":{"line":56,"column":14},"end":{"line":56,"column":56}},{"start":{"line":57,"column":14},"end":{"line":57,"column":43}}]},"6":{"line":61,"type":"switch","locations":[{"start":{"line":68,"column":4},"end":{"line":150,"column":14},"skip":true},{"start":{"line":156,"column":4},"end":{"line":324,"column":14},"skip":true}]},"7":{"line":70,"type":"if","locations":[{"start":{"line":70,"column":12},"end":{"line":70,"column":12},"skip":true},{"start":{"line":70,"column":12},"end":{"line":70,"column":12},"skip":true}]},"8":{"line":70,"type":"binary-expr","locations":[{"start":{"line":70,"column":16},"end":{"line":70,"column":22},"skip":true},{"start":{"line":70,"column":27},"end":{"line":70,"column":32},"skip":true},{"start":{"line":71,"column":20},"end":{"line":71,"column":39},"skip":true},{"start":{"line":72,"column":20},"end":{"line":72,"column":49},"skip":true},{"start":{"line":73,"column":20},"end":{"line":73,"column":58},"skip":true},{"start":{"line":74,"column":20},"end":{"line":74,"column":69},"skip":true}]},"9":{"line":79,"type":"switch","locations":[{"start":{"line":80,"column":20},"end":{"line":80,"column":33},"skip":true},{"start":{"line":81,"column":20},"end":{"line":83,"column":30},"skip":true},{"start":{"line":84,"column":20},"end":{"line":85,"column":49},"skip":true}]},"10":{"line":89,"type":"switch","locations":[{"start":{"line":90,"column":12},"end":{"line":103,"column":22},"skip":true},{"start":{"line":105,"column":12},"end":{"line":106,"column":22},"skip":true}]},"11":{"line":89,"type":"binary-expr","locations":[{"start":{"line":89,"column":20},"end":{"line":89,"column":25},"skip":true},{"start":{"line":89,"column":29},"end":{"line":89,"column":48},"skip":true},{"start":{"line":89,"column":52},"end":{"line":89,"column":74},"skip":true}]},"12":{"line":92,"type":"if","locations":[{"start":{"line":92,"column":16},"end":{"line":92,"column":16},"skip":true},{"start":{"line":92,"column":16},"end":{"line":92,"column":16},"skip":true}]},"13":{"line":108,"type":"if","locations":[{"start":{"line":108,"column":12},"end":{"line":108,"column":12},"skip":true},{"start":{"line":108,"column":12},"end":{"line":108,"column":12},"skip":true}]},"14":{"line":108,"type":"binary-expr","locations":[{"start":{"line":108,"column":16},"end":{"line":108,"column":61},"skip":true},{"start":{"line":108,"column":66},"end":{"line":108,"column":72},"skip":true},{"start":{"line":108,"column":77},"end":{"line":108,"column":82},"skip":true},{"start":{"line":109,"column":20},"end":{"line":109,"column":39},"skip":true},{"start":{"line":110,"column":20},"end":{"line":110,"column":49},"skip":true},{"start":{"line":111,"column":20},"end":{"line":111,"column":58},"skip":true},{"start":{"line":112,"column":20},"end":{"line":112,"column":68},"skip":true}]},"15":{"line":129,"type":"if","locations":[{"start":{"line":129,"column":16},"end":{"line":129,"column":16},"skip":true},{"start":{"line":129,"column":16},"end":{"line":129,"column":16},"skip":true}]},"16":{"line":134,"type":"cond-expr","locations":[{"start":{"line":135,"column":26},"end":{"line":135,"column":29},"skip":true},{"start":{"line":136,"column":26},"end":{"line":136,"column":54},"skip":true}]},"17":{"line":164,"type":"binary-expr","locations":[{"start":{"line":164,"column":27},"end":{"line":164,"column":43},"skip":true},{"start":{"line":164,"column":47},"end":{"line":164,"column":49},"skip":true}]},"18":{"line":258,"type":"if","locations":[{"start":{"line":258,"column":8},"end":{"line":258,"column":8},"skip":true},{"start":{"line":258,"column":8},"end":{"line":258,"column":8},"skip":true}]},"19":{"line":275,"type":"switch","locations":[{"start":{"line":276,"column":20},"end":{"line":277,"column":64},"skip":true},{"start":{"line":278,"column":20},"end":{"line":279,"column":40},"skip":true},{"start":{"line":280,"column":20},"end":{"line":281,"column":40},"skip":true},{"start":{"line":282,"column":20},"end":{"line":283,"column":39},"skip":true}]},"20":{"line":288,"type":"if","locations":[{"start":{"line":288,"column":8},"end":{"line":288,"column":8},"skip":true},{"start":{"line":288,"column":8},"end":{"line":288,"column":8},"skip":true}]},"21":{"line":288,"type":"binary-expr","locations":[{"start":{"line":288,"column":12},"end":{"line":288,"column":40},"skip":true},{"start":{"line":288,"column":44},"end":{"line":288,"column":67},"skip":true}]},"22":{"line":292,"type":"binary-expr","locations":[{"start":{"line":292,"column":12},"end":{"line":292,"column":50},"skip":true},{"start":{"line":293,"column":12},"end":{"line":293,"column":53},"skip":true}]},"23":{"line":297,"type":"binary-expr","locations":[{"start":{"line":297,"column":12},"end":{"line":297,"column":70},"skip":true},{"start":{"line":298,"column":12},"end":{"line":301,"column":36},"skip":true}]},"24":{"line":303,"type":"binary-expr","locations":[{"start":{"line":303,"column":43},"end":{"line":303,"column":75},"skip":true},{"start":{"line":303,"column":79},"end":{"line":303,"column":81},"skip":true}]},"25":{"line":306,"type":"if","locations":[{"start":{"line":306,"column":8},"end":{"line":306,"column":8},"skip":true},{"start":{"line":306,"column":8},"end":{"line":306,"column":8},"skip":true}]},"26":{"line":310,"type":"if","locations":[{"start":{"line":310,"column":8},"end":{"line":310,"column":8},"skip":true},{"start":{"line":310,"column":8},"end":{"line":310,"column":8},"skip":true}]},"27":{"line":313,"type":"binary-expr","locations":[{"start":{"line":313,"column":27},"end":{"line":313,"column":43},"skip":true},{"start":{"line":313,"column":47},"end":{"line":313,"column":53},"skip":true}]},"28":{"line":317,"type":"if","locations":[{"start":{"line":317,"column":12},"end":{"line":317,"column":12},"skip":true},{"start":{"line":317,"column":12},"end":{"line":317,"column":12},"skip":true}]}},"code":["/*","example.js","","quickstart example","","instruction","    1. save this script as example.js","    2. run the shell command:","        $ npm install npmtest-sweet-scroll && PORT=8081 node example.js","    3. play with the browser-demo on http://127.0.0.1:8081","*/","","","","/* istanbul instrument in package npmtest_sweet_scroll */","/*jslint","    bitwise: true,","    browser: true,","    maxerr: 8,","    maxlen: 96,","    node: true,","    nomen: true,","    regexp: true,","    stupid: true","*/","(function () {","    'use strict';","    var local;","","","","    // run shared js-env code - init-before","    (function () {","        // init local","        local = {};","        // init modeJs","        local.modeJs = (function () {","            try {","                return typeof navigator.userAgent === 'string' &&","                    typeof document.querySelector('body') === 'object' &&","                    typeof XMLHttpRequest.prototype.open === 'function' &&","                    'browser';","            } catch (errorCaughtBrowser) {","                return module.exports &&","                    typeof process.versions.node === 'string' &&","                    typeof require('http').createServer === 'function' &&","                    'node';","            }","        }());","        // init global","        local.global = local.modeJs === 'browser'","            ? window","            : global;","        // init utility2_rollup","        local = local.global.utility2_rollup || (local.modeJs === 'browser'","            ? local.global.utility2_npmtest_sweet_scroll","            : global.utility2_moduleExports);","        // export local","        local.global.local = local;","    }());","    switch (local.modeJs) {","","","","    // init-after","    // run browser js-env code - init-after","    /* istanbul ignore next */","    case 'browser':","        local.testRunBrowser = function (event) {","            if (!event || (event &&","                    event.currentTarget &&","                    event.currentTarget.className &&","                    event.currentTarget.className.includes &&","                    event.currentTarget.className.includes('onreset'))) {","                // reset output","                Array.from(","                    document.querySelectorAll('body > .resettable')","                ).forEach(function (element) {","                    switch (element.tagName) {","                    case 'INPUT':","                    case 'TEXTAREA':","                        element.value = '';","                        break;","                    default:","                        element.textContent = '';","                    }","                });","            }","            switch (event && event.currentTarget && event.currentTarget.id) {","            case 'testRunButton1':","                // show tests","                if (document.querySelector('#testReportDiv1').style.display === 'none') {","                    document.querySelector('#testReportDiv1').style.display = 'block';","                    document.querySelector('#testRunButton1').textContent =","                        'hide internal test';","                    local.modeTest = true;","                    local.testRunDefault(local);","                // hide tests","                } else {","                    document.querySelector('#testReportDiv1').style.display = 'none';","                    document.querySelector('#testRunButton1').textContent = 'run internal test';","                }","                break;","            // custom-case","            default:","                break;","            }","            if (document.querySelector('#inputTextareaEval1') && (!event || (event &&","                    event.currentTarget &&","                    event.currentTarget.className &&","                    event.currentTarget.className.includes &&","                    event.currentTarget.className.includes('oneval')))) {","                // try to eval input-code","                try {","                    /*jslint evil: true*/","                    eval(document.querySelector('#inputTextareaEval1').value);","                } catch (errorCaught) {","                    console.error(errorCaught);","                }","            }","        };","        // log stderr and stdout to #outputTextareaStdout1","        ['error', 'log'].forEach(function (key) {","            console[key + '_original'] = console[key];","            console[key] = function () {","                var element;","                console[key + '_original'].apply(console, arguments);","                element = document.querySelector('#outputTextareaStdout1');","                if (!element) {","                    return;","                }","                // append text to #outputTextareaStdout1","                element.value += Array.from(arguments).map(function (arg) {","                    return typeof arg === 'string'","                        ? arg","                        : JSON.stringify(arg, null, 4);","                }).join(' ') + '\\n';","                // scroll textarea to bottom","                element.scrollTop = element.scrollHeight;","            };","        });","        // init event-handling","        ['change', 'click', 'keyup'].forEach(function (event) {","            Array.from(document.querySelectorAll('.on' + event)).forEach(function (element) {","                element.addEventListener(event, local.testRunBrowser);","            });","        });","        // run tests","        local.testRunBrowser();","        break;","","","","    // run node js-env code - init-after","    /* istanbul ignore next */","    case 'node':","        // export local","        module.exports = local;","        // require modules","        local.fs = require('fs');","        local.http = require('http');","        local.url = require('url');","        // init assets","        local.assetsDict = local.assetsDict || {};","        /* jslint-ignore-begin */","        local.assetsDict['/assets.index.template.html'] = '\\","<!doctype html>\\n\\","<html lang=\"en\">\\n\\","<head>\\n\\","<meta charset=\"UTF-8\">\\n\\","<meta name=\"viewport\" content=\"width=device-width, initial-scale=1\">\\n\\","<title>{{env.npm_package_name}} (v{{env.npm_package_version}})</title>\\n\\","<style>\\n\\","/*csslint\\n\\","    box-sizing: false,\\n\\","    universal-selector: false\\n\\","*/\\n\\","* {\\n\\","    box-sizing: border-box;\\n\\","}\\n\\","body {\\n\\","    background: #dde;\\n\\","    font-family: Arial, Helvetica, sans-serif;\\n\\","    margin: 2rem;\\n\\","}\\n\\","body > * {\\n\\","    margin-bottom: 1rem;\\n\\","}\\n\\",".utility2FooterDiv {\\n\\","    margin-top: 20px;\\n\\","    text-align: center;\\n\\","}\\n\\","</style>\\n\\","<style>\\n\\","/*csslint\\n\\","*/\\n\\","textarea {\\n\\","    font-family: monospace;\\n\\","    height: 10rem;\\n\\","    width: 100%;\\n\\","}\\n\\","textarea[readonly] {\\n\\","    background: #ddd;\\n\\","}\\n\\","</style>\\n\\","</head>\\n\\","<body>\\n\\","<!-- utility2-comment\\n\\","<div id=\"ajaxProgressDiv1\" style=\"background: #d00; height: 2px; left: 0; margin: 0; padding: 0; position: fixed; top: 0; transition: background 0.5s, width 1.5s; width: 25%;\"></div>\\n\\","utility2-comment -->\\n\\","<h1>\\n\\","<!-- utility2-comment\\n\\","    <a\\n\\","        {{#if env.npm_package_homepage}}\\n\\","        href=\"{{env.npm_package_homepage}}\"\\n\\","        {{/if env.npm_package_homepage}}\\n\\","        target=\"_blank\"\\n\\","    >\\n\\","utility2-comment -->\\n\\","        {{env.npm_package_name}} (v{{env.npm_package_version}})\\n\\","<!-- utility2-comment\\n\\","    </a>\\n\\","utility2-comment -->\\n\\","</h1>\\n\\","<h3>{{env.npm_package_description}}</h3>\\n\\","<!-- utility2-comment\\n\\","<h4><a download href=\"assets.app.js\">download standalone app</a></h4>\\n\\","<button class=\"onclick onreset\" id=\"testRunButton1\">run internal test</button><br>\\n\\","<div id=\"testReportDiv1\" style=\"display: none;\"></div>\\n\\","utility2-comment -->\\n\\","\\n\\","\\n\\","\\n\\","<label>stderr and stdout</label>\\n\\","<textarea class=\"resettable\" id=\"outputTextareaStdout1\" readonly></textarea>\\n\\","<!-- utility2-comment\\n\\","{{#if isRollup}}\\n\\","<script src=\"assets.app.js\"></script>\\n\\","{{#unless isRollup}}\\n\\","utility2-comment -->\\n\\","<script src=\"assets.utility2.rollup.js\"></script>\\n\\","<script src=\"jsonp.utility2._stateInit?callback=window.utility2._stateInit\"></script>\\n\\","<script src=\"assets.npmtest_sweet_scroll.rollup.js\"></script>\\n\\","<script src=\"assets.example.js\"></script>\\n\\","<script src=\"assets.test.js\"></script>\\n\\","<!-- utility2-comment\\n\\","{{/if isRollup}}\\n\\","utility2-comment -->\\n\\","<div class=\"utility2FooterDiv\">\\n\\","    [ this app was created with\\n\\","    <a href=\"https://github.com/kaizhu256/node-utility2\" target=\"_blank\">utility2</a>\\n\\","    ]\\n\\","</div>\\n\\","</body>\\n\\","</html>\\n\\","';","        /* jslint-ignore-end */","        if (local.templateRender) {","            local.assetsDict['/'] = local.templateRender(","                local.assetsDict['/assets.index.template.html'],","                {","                    env: local.objectSetDefault(local.env, {","                        npm_package_description: 'the greatest app in the world!',","                        npm_package_name: 'my-app',","                        npm_package_nameAlias: 'my_app',","                        npm_package_version: '0.0.1'","                    })","                }","            );","        } else {","            local.assetsDict['/'] = local.assetsDict['/assets.index.template.html']","                .replace((/\\{\\{env\\.(\\w+?)\\}\\}/g), function (match0, match1) {","                    // jslint-hack","                    String(match0);","                    switch (match1) {","                    case 'npm_package_description':","                        return 'the greatest app in the world!';","                    case 'npm_package_name':","                        return 'my-app';","                    case 'npm_package_nameAlias':","                        return 'my_app';","                    case 'npm_package_version':","                        return '0.0.1';","                    }","                });","        }","        // run the cli","        if (local.global.utility2_rollup || module !== require.main) {","            break;","        }","        local.assetsDict['/assets.example.js'] =","            local.assetsDict['/assets.example.js'] ||","            local.fs.readFileSync(__filename, 'utf8');","        // bug-workaround - long $npm_package_buildCustomOrg","        /* jslint-ignore-begin */","        local.assetsDict['/assets.npmtest_sweet_scroll.rollup.js'] =","            local.assetsDict['/assets.npmtest_sweet_scroll.rollup.js'] ||","            local.fs.readFileSync(","                local.npmtest_sweet_scroll.__dirname + '/lib.npmtest_sweet_scroll.js',","                'utf8'","            ).replace((/^#!/), '//');","        /* jslint-ignore-end */","        local.assetsDict['/favicon.ico'] = local.assetsDict['/favicon.ico'] || '';","        // if $npm_config_timeout_exit exists,","        // then exit this process after $npm_config_timeout_exit ms","        if (Number(process.env.npm_config_timeout_exit)) {","            setTimeout(process.exit, Number(process.env.npm_config_timeout_exit));","        }","        // start server","        if (local.global.utility2_serverHttp1) {","            break;","        }","        process.env.PORT = process.env.PORT || '8081';","        console.error('server starting on port ' + process.env.PORT);","        local.http.createServer(function (request, response) {","            request.urlParsed = local.url.parse(request.url);","            if (local.assetsDict[request.urlParsed.pathname] !== undefined) {","                response.end(local.assetsDict[request.urlParsed.pathname]);","                return;","            }","            response.statusCode = 404;","            response.end();","        }).listen(process.env.PORT);","        break;","    }","}());",""],"l":{"26":2,"28":2,"33":2,"35":2,"37":2,"38":2,"39":2,"44":1,"51":2,"55":2,"59":2,"61":2,"69":1,"70":2,"76":2,"79":2,"82":2,"83":2,"85":1,"89":2,"92":1,"93":1,"94":1,"96":1,"97":1,"100":1,"101":1,"103":1,"106":1,"108":2,"114":1,"116":1,"118":1,"123":1,"124":2,"125":2,"126":3,"127":3,"128":3,"129":3,"130":1,"133":3,"134":3,"139":3,"143":1,"144":3,"145":1,"149":1,"150":1,"158":1,"160":1,"161":1,"162":1,"164":1,"166":1,"258":1,"259":1,"271":1,"274":6,"275":6,"277":1,"279":2,"281":1,"283":2,"288":1,"289":1,"291":1,"296":1,"303":1,"306":1,"307":1,"310":1,"311":1,"313":1,"314":1,"315":1,"316":1,"317":1,"318":1,"319":1,"321":1,"322":1,"324":1}},"/home/travis/build/npmtest/node-npmtest-sweet-scroll/node_modules/sweet-scroll/sweet-scroll.js":{"path":"/home/travis/build/npmtest/node-npmtest-sweet-scroll/node_modules/sweet-scroll/sweet-scroll.js","s":{"1":1,"2":1,"3":1,"4":1,"5":1,"6":1,"7":1,"8":1,"9":1,"10":1,"11":1,"12":1,"13":1,"14":0,"15":0,"16":1,"17":0,"18":0,"19":1,"20":1,"21":2,"22":30,"23":30,"24":30,"25":30,"26":30,"27":30,"28":1,"29":2,"30":2,"31":2,"32":0,"33":2,"34":1,"35":0,"36":0,"37":0,"38":0,"39":0,"40":0,"41":0,"42":0,"43":0,"44":0,"45":0,"46":0,"47":0,"48":0,"49":1,"50":0,"51":0,"52":0,"53":0,"54":0,"55":0,"56":0,"57":0,"58":0,"59":0,"60":0,"61":1,"62":1,"63":1,"64":1,"65":6,"66":1,"67":0,"68":0,"69":0,"70":1,"71":0,"72":1,"73":0,"74":1,"75":0,"76":1,"77":0,"78":1,"79":0,"80":0,"81":1,"82":0,"83":1,"84":0,"85":1,"86":0,"87":1,"88":0,"89":0,"90":0,"91":0,"92":0,"93":0,"94":0,"95":0,"96":0,"97":0,"98":0,"99":0,"100":0,"101":0,"102":1,"103":0,"104":0,"105":0,"106":0,"107":0,"108":0,"109":1,"110":0,"111":1,"112":0,"113":0,"114":0,"115":0,"116":1,"117":1,"118":1,"119":1,"120":0,"121":0,"122":0,"123":0,"124":1,"125":1,"126":1,"127":0,"128":0,"129":0,"130":0,"131":1,"132":0,"133":0,"134":0,"135":0,"136":1,"137":0,"138":0,"139":0,"140":0,"141":1,"142":1,"143":1,"144":0,"145":1,"146":0,"147":0,"148":1,"149":0,"150":0,"151":0,"152":0,"153":0,"154":0,"155":0,"156":0,"157":0,"158":0,"159":0,"160":0,"161":0,"162":0,"163":0,"164":0,"165":0,"166":0,"167":0,"168":0,"169":0,"170":1,"171":0,"172":0,"173":1,"174":0,"175":1,"176":0,"177":1,"178":0,"179":1,"180":0,"181":1,"182":0,"183":1,"184":0,"185":0,"186":0,"187":1,"188":0,"189":0,"190":0,"191":1,"192":0,"193":0,"194":0,"195":0,"196":0,"197":0,"198":1,"199":0,"200":0,"201":0,"202":0,"203":0,"204":0,"205":0,"206":0,"207":0,"208":0,"209":0,"210":0,"211":0,"212":0,"213":0,"214":0,"215":0,"216":1,"217":0,"218":0,"219":0,"220":1,"221":0,"222":0,"223":0,"224":1,"225":0,"226":1,"227":0,"228":1,"229":0,"230":1,"231":0,"232":0,"233":0,"234":1,"235":0,"236":1,"237":0,"238":1,"239":0,"240":0,"241":0,"242":1,"243":0,"244":1,"245":0,"246":1,"247":0,"248":0,"249":0,"250":1,"251":0,"252":1,"253":0,"254":1,"255":0,"256":0,"257":0,"258":1,"259":0,"260":1,"261":0,"262":1,"263":0,"264":1,"265":0,"266":1,"267":0,"268":1,"269":0,"270":0,"271":0,"272":0,"273":0,"274":0,"275":0,"276":1,"277":0,"278":1,"279":0,"280":1,"281":0,"282":0,"283":0,"284":1,"285":0,"286":0,"287":0,"288":0,"289":0,"290":0,"291":0,"292":0,"293":0,"294":0,"295":0,"296":0,"297":0,"298":0,"299":1,"300":0,"301":0,"302":0,"303":0,"304":0,"305":0,"306":0,"307":0,"308":0,"309":0,"310":0,"311":0,"312":0,"313":0,"314":1,"315":0,"316":0,"317":0,"318":0,"319":0,"320":0,"321":0,"322":0,"323":0,"324":0,"325":0,"326":0,"327":0,"328":0,"329":0,"330":0,"331":1,"332":0,"333":0,"334":1,"335":0,"336":0,"337":1,"338":0,"339":0,"340":0,"341":0,"342":1,"343":0,"344":0,"345":0,"346":0,"347":0,"348":0,"349":0,"350":1,"351":0,"352":1,"353":0,"354":0,"355":0,"356":1,"357":1,"358":1,"359":1,"360":1,"361":1,"362":0,"363":0,"364":0,"365":0,"366":0,"367":0,"368":0,"369":0,"370":0,"371":0,"372":0,"373":0,"374":0,"375":0,"376":1,"377":1,"378":0,"379":0,"380":0,"381":0,"382":0,"383":0,"384":0,"385":0,"386":1,"387":0,"388":0,"389":0,"390":0,"391":0,"392":0,"393":0,"394":0,"395":0,"396":0,"397":0,"398":0,"399":0,"400":0,"401":0,"402":0,"403":0,"404":0,"405":0,"406":0,"407":0,"408":0,"409":0,"410":0,"411":0,"412":0,"413":0,"414":0,"415":0,"416":0,"417":0,"418":0,"419":0,"420":0,"421":0,"422":0,"423":0,"424":0,"425":0,"426":0,"427":0,"428":0,"429":0,"430":0,"431":0,"432":0,"433":0,"434":0,"435":0,"436":0,"437":0,"438":0,"439":0,"440":0,"441":0,"442":1,"443":1,"444":1,"445":1,"446":0,"447":0,"448":0,"449":0,"450":0,"451":1,"452":1,"453":1,"454":0,"455":0,"456":0,"457":0,"458":0,"459":0,"460":0,"461":0,"462":0,"463":0,"464":0,"465":0,"466":0,"467":0,"468":0,"469":0,"470":0,"471":0,"472":1,"473":0,"474":0,"475":0,"476":0,"477":0,"478":0,"479":0,"480":0,"481":0,"482":0,"483":0,"484":0,"485":0,"486":0,"487":0,"488":0,"489":0,"490":0,"491":0,"492":0,"493":0,"494":0,"495":0,"496":0,"497":0,"498":0,"499":0,"500":0,"501":0,"502":0,"503":0,"504":0,"505":0,"506":0,"507":0,"508":0,"509":0,"510":0,"511":0,"512":0,"513":0,"514":0,"515":0,"516":0,"517":0,"518":0,"519":0,"520":0,"521":0,"522":0,"523":0,"524":0,"525":0,"526":0,"527":0,"528":0,"529":0,"530":0,"531":0,"532":0,"533":0,"534":0,"535":0,"536":0,"537":0,"538":0,"539":0,"540":0,"541":0,"542":0,"543":0,"544":0,"545":0,"546":0,"547":0,"548":0,"549":0,"550":0,"551":0,"552":0,"553":0,"554":0,"555":0,"556":0,"557":0,"558":0,"559":0,"560":0,"561":0,"562":0,"563":0,"564":0,"565":0,"566":0,"567":0,"568":0,"569":0,"570":0,"571":0,"572":0,"573":0,"574":0,"575":0,"576":0,"577":0,"578":0,"579":0,"580":0,"581":0,"582":0,"583":0,"584":0,"585":0,"586":0,"587":0,"588":0,"589":0,"590":0,"591":0,"592":0,"593":0,"594":0,"595":0,"596":0,"597":0,"598":0,"599":0,"600":0,"601":0,"602":0,"603":0,"604":0,"605":0,"606":0,"607":0,"608":0,"609":0,"610":0,"611":0,"612":0,"613":0,"614":0,"615":0,"616":0,"617":0,"618":0,"619":0,"620":0,"621":0,"622":0,"623":0,"624":0,"625":0,"626":0,"627":0,"628":0,"629":0,"630":0,"631":0,"632":0,"633":0,"634":0,"635":0,"636":0,"637":0,"638":0,"639":0,"640":0,"641":0,"642":0,"643":0,"644":0,"645":0,"646":0,"647":0,"648":0,"649":0,"650":0,"651":0,"652":0,"653":0,"654":0,"655":0,"656":0,"657":0,"658":0,"659":0,"660":0,"661":0,"662":0,"663":0,"664":0,"665":0,"666":0,"667":0,"668":0,"669":0,"670":0,"671":0,"672":0,"673":0,"674":0,"675":0,"676":1,"677":1,"678":1},"b":{"1":[1,0],"2":[1,1],"3":[0,0],"4":[0,0],"5":[1,0],"6":[1,1],"7":[0,0],"8":[0,0,0,0],"9":[0,0],"10":[30,30],"11":[30,0],"12":[2,0],"13":[0,2],"14":[0,0],"15":[0,0],"16":[0,0],"17":[0,0],"18":[0,0],"19":[0,0],"20":[0,0],"21":[0,0],"22":[0,0],"23":[0,0],"24":[0,0],"25":[0,0],"26":[0,0],"27":[0,0],"28":[0,0],"29":[0,0],"30":[0,0],"31":[0,0,0],"32":[0,0],"33":[0,0],"34":[0,0],"35":[0,0],"36":[0,0],"37":[0,0],"38":[0,0],"39":[0,0],"40":[0,0],"41":[0,0],"42":[0,0],"43":[0,0],"44":[0,0],"45":[1,0,0],"46":[1,0],"47":[0,0],"48":[0,0,0,0,0],"49":[0,0,0],"50":[0,1],"51":[0,1],"52":[0,0],"53":[0,0],"54":[0,0],"55":[0,0],"56":[0,0],"57":[0,0],"58":[0,0],"59":[0,0],"60":[0,0],"61":[0,0],"62":[0,0],"63":[0,0],"64":[0,0],"65":[0,0],"66":[0,0],"67":[0,0],"68":[0,0],"69":[0,0],"70":[0,0],"71":[0,0],"72":[0,0],"73":[0,0],"74":[0,0],"75":[0,0],"76":[0,0],"77":[0,0],"78":[0,0],"79":[0,0],"80":[0,0],"81":[0,0],"82":[0,0],"83":[0,0],"84":[0,0],"85":[0,0],"86":[0,0],"87":[0,0],"88":[0,0],"89":[0,0,0],"90":[0,0],"91":[0,0],"92":[0,0],"93":[0,0],"94":[0,0],"95":[0,0],"96":[0,0],"97":[0,0],"98":[0,0],"99":[0,0],"100":[0,0],"101":[0,0],"102":[0,0],"103":[0,0],"104":[0,0],"105":[0,0],"106":[0,0],"107":[0,0],"108":[0,0],"109":[0,0],"110":[0,0],"111":[0,0],"112":[0,0],"113":[0,0],"114":[0,0],"115":[0,0],"116":[0,0],"117":[0,0],"118":[0,0],"119":[0,0],"120":[0,0],"121":[0,0],"122":[0,0],"123":[0,0],"124":[0,0],"125":[0,0],"126":[0,0],"127":[0,0],"128":[0,1],"129":[0,1],"130":[0,1],"131":[0,0],"132":[0,0],"133":[0,0],"134":[0,0],"135":[0,0],"136":[0,0],"137":[0,0],"138":[0,0],"139":[0,0],"140":[0,0],"141":[0,0],"142":[0,0],"143":[0,0],"144":[0,0],"145":[0,0],"146":[0,0],"147":[0,0],"148":[0,0],"149":[0,0],"150":[1,0],"151":[0,0],"152":[0,0],"153":[0,0],"154":[0,0],"155":[0,0],"156":[0,0],"157":[0,0],"158":[0,0],"159":[0,0],"160":[0,0],"161":[0,0],"162":[0,0],"163":[0,0],"164":[0,0],"165":[0,0],"166":[0,0],"167":[0,0],"168":[0,0],"169":[0,0],"170":[0,0],"171":[0,0],"172":[0,0],"173":[0,0],"174":[0,0],"175":[0,0],"176":[0,0],"177":[0,0],"178":[0,0],"179":[0,0],"180":[0,0],"181":[0,0],"182":[0,0],"183":[0,0],"184":[0,0],"185":[0,0],"186":[0,0],"187":[0,0],"188":[0,0],"189":[0,0],"190":[0,0],"191":[0,0],"192":[0,0],"193":[0,0],"194":[0,0],"195":[0,0],"196":[0,0],"197":[0,0],"198":[0,0],"199":[0,0],"200":[0,0],"201":[0,0],"202":[0,0],"203":[0,0],"204":[0,0],"205":[0,0],"206":[0,0],"207":[0,0],"208":[0,0],"209":[0,0],"210":[0,0],"211":[0,0],"212":[0,0],"213":[0,0],"214":[0,0],"215":[0,0],"216":[0,0],"217":[0,0],"218":[0,0],"219":[0,0],"220":[0,0],"221":[0,0],"222":[0,0],"223":[0,0],"224":[0,0,0],"225":[0,0],"226":[0,0],"227":[0,0],"228":[0,0],"229":[0,0],"230":[0,0],"231":[0,0],"232":[0,0],"233":[0,0],"234":[0,0],"235":[0,0],"236":[0,0],"237":[0,0],"238":[0,0],"239":[0,0],"240":[0,0],"241":[0,0],"242":[0,0],"243":[0,0],"244":[0,0],"245":[0,0],"246":[0,0],"247":[0,0],"248":[0,0],"249":[0,0]},"f":{"1":1,"2":1,"3":0,"4":0,"5":0,"6":1,"7":2,"8":2,"9":0,"10":0,"11":6,"12":0,"13":0,"14":0,"15":0,"16":0,"17":0,"18":0,"19":0,"20":0,"21":0,"22":0,"23":0,"24":0,"25":0,"26":0,"27":1,"28":0,"29":0,"30":0,"31":0,"32":0,"33":0,"34":0,"35":0,"36":0,"37":0,"38":0,"39":0,"40":0,"41":0,"42":0,"43":0,"44":0,"45":0,"46":0,"47":0,"48":0,"49":0,"50":0,"51":0,"52":0,"53":0,"54":0,"55":0,"56":0,"57":0,"58":0,"59":0,"60":0,"61":0,"62":0,"63":0,"64":0,"65":0,"66":0,"67":0,"68":0,"69":0,"70":0,"71":0,"72":0,"73":0,"74":0,"75":0,"76":0,"77":0,"78":0,"79":0,"80":0,"81":0,"82":1,"83":0,"84":0,"85":0,"86":0,"87":0,"88":0,"89":0,"90":0,"91":0,"92":0,"93":1,"94":1,"95":0,"96":0,"97":0,"98":0,"99":0,"100":0,"101":0,"102":0,"103":0,"104":0,"105":0,"106":0,"107":0,"108":0,"109":0,"110":0,"111":0,"112":0,"113":0,"114":0,"115":0,"116":0,"117":0,"118":0,"119":0,"120":0,"121":0,"122":0,"123":0},"fnMap":{"1":{"name":"(anonymous_1)","line":9,"loc":{"start":{"line":9,"column":1},"end":{"line":9,"column":28}}},"2":{"name":"(anonymous_2)","line":13,"loc":{"start":{"line":13,"column":9},"end":{"line":13,"column":21}}},"3":{"name":"(anonymous_3)","line":26,"loc":{"start":{"line":26,"column":84},"end":{"line":26,"column":99}}},"4":{"name":"(anonymous_4)","line":28,"loc":{"start":{"line":28,"column":4},"end":{"line":28,"column":19}}},"5":{"name":"(anonymous_5)","line":42,"loc":{"start":{"line":42,"column":21},"end":{"line":42,"column":54}}},"6":{"name":"(anonymous_6)","line":48,"loc":{"start":{"line":48,"column":18},"end":{"line":48,"column":30}}},"7":{"name":"defineProperties","line":49,"loc":{"start":{"line":49,"column":2},"end":{"line":49,"column":43}}},"8":{"name":"(anonymous_8)","line":59,"loc":{"start":{"line":59,"column":9},"end":{"line":59,"column":57}}},"9":{"name":"get","line":72,"loc":{"start":{"line":72,"column":10},"end":{"line":72,"column":51}}},"10":{"name":"set","line":113,"loc":{"start":{"line":113,"column":10},"end":{"line":113,"column":58}}},"11":{"name":"(anonymous_11)","line":139,"loc":{"start":{"line":139,"column":22},"end":{"line":139,"column":38}}},"12":{"name":"getType","line":143,"loc":{"start":{"line":143,"column":0},"end":{"line":143,"column":22}}},"13":{"name":"isNumber","line":151,"loc":{"start":{"line":151,"column":0},"end":{"line":151,"column":23}}},"14":{"name":"isString","line":155,"loc":{"start":{"line":155,"column":0},"end":{"line":155,"column":23}}},"15":{"name":"isFunction","line":161,"loc":{"start":{"line":161,"column":0},"end":{"line":161,"column":25}}},"16":{"name":"isArray","line":165,"loc":{"start":{"line":165,"column":0},"end":{"line":165,"column":22}}},"17":{"name":"isArrayLike","line":169,"loc":{"start":{"line":169,"column":0},"end":{"line":169,"column":26}}},"18":{"name":"isNumeric","line":175,"loc":{"start":{"line":175,"column":0},"end":{"line":175,"column":24}}},"19":{"name":"isObject","line":179,"loc":{"start":{"line":179,"column":0},"end":{"line":179,"column":23}}},"20":{"name":"hasProp","line":183,"loc":{"start":{"line":183,"column":0},"end":{"line":183,"column":27}}},"21":{"name":"each","line":189,"loc":{"start":{"line":189,"column":0},"end":{"line":189,"column":37}}},"22":{"name":"merge","line":208,"loc":{"start":{"line":208,"column":0},"end":{"line":208,"column":20}}},"23":{"name":"(anonymous_23)","line":213,"loc":{"start":{"line":213,"column":16},"end":{"line":213,"column":34}}},"24":{"name":"(anonymous_24)","line":214,"loc":{"start":{"line":214,"column":17},"end":{"line":214,"column":39}}},"25":{"name":"removeSpaces","line":222,"loc":{"start":{"line":222,"column":0},"end":{"line":222,"column":27}}},"26":{"name":"warning","line":226,"loc":{"start":{"line":226,"column":0},"end":{"line":226,"column":26}}},"27":{"name":"(anonymous_27)","line":244,"loc":{"start":{"line":244,"column":14},"end":{"line":244,"column":26}}},"28":{"name":"$","line":258,"loc":{"start":{"line":258,"column":0},"end":{"line":258,"column":21}}},"29":{"name":"$$","line":266,"loc":{"start":{"line":266,"column":0},"end":{"line":266,"column":22}}},"30":{"name":"matches","line":274,"loc":{"start":{"line":274,"column":0},"end":{"line":274,"column":31}}},"31":{"name":"isRootContainer","line":292,"loc":{"start":{"line":292,"column":0},"end":{"line":292,"column":29}}},"32":{"name":"getZoomLevel","line":296,"loc":{"start":{"line":296,"column":0},"end":{"line":296,"column":24}}},"33":{"name":"getScrollable","line":304,"loc":{"start":{"line":304,"column":0},"end":{"line":304,"column":34}}},"34":{"name":"scrollableFind","line":338,"loc":{"start":{"line":338,"column":0},"end":{"line":338,"column":46}}},"35":{"name":"getWindow","line":344,"loc":{"start":{"line":344,"column":0},"end":{"line":344,"column":23}}},"36":{"name":"getHeight","line":348,"loc":{"start":{"line":348,"column":0},"end":{"line":348,"column":23}}},"37":{"name":"getWidth","line":352,"loc":{"start":{"line":352,"column":0},"end":{"line":352,"column":22}}},"38":{"name":"getSize","line":356,"loc":{"start":{"line":356,"column":0},"end":{"line":356,"column":21}}},"39":{"name":"getDocumentSize","line":363,"loc":{"start":{"line":363,"column":0},"end":{"line":363,"column":27}}},"40":{"name":"getViewportAndElementSizes","line":370,"loc":{"start":{"line":370,"column":0},"end":{"line":370,"column":40}}},"41":{"name":"getScroll","line":390,"loc":{"start":{"line":390,"column":0},"end":{"line":390,"column":23}}},"42":{"name":"setScroll","line":398,"loc":{"start":{"line":398,"column":0},"end":{"line":398,"column":31}}},"43":{"name":"getOffset","line":410,"loc":{"start":{"line":410,"column":0},"end":{"line":410,"column":23}}},"44":{"name":"addEvent","line":442,"loc":{"start":{"line":442,"column":0},"end":{"line":442,"column":39}}},"45":{"name":"(anonymous_45)","line":444,"loc":{"start":{"line":444,"column":17},"end":{"line":444,"column":38}}},"46":{"name":"removeEvent","line":449,"loc":{"start":{"line":449,"column":0},"end":{"line":449,"column":42}}},"47":{"name":"(anonymous_47)","line":451,"loc":{"start":{"line":451,"column":17},"end":{"line":451,"column":38}}},"48":{"name":"linear","line":457,"loc":{"start":{"line":457,"column":0},"end":{"line":457,"column":19}}},"49":{"name":"InQuad","line":461,"loc":{"start":{"line":461,"column":0},"end":{"line":461,"column":31}}},"50":{"name":"OutQuad","line":465,"loc":{"start":{"line":465,"column":0},"end":{"line":465,"column":32}}},"51":{"name":"InOutQuad","line":469,"loc":{"start":{"line":469,"column":0},"end":{"line":469,"column":34}}},"52":{"name":"InCubic","line":476,"loc":{"start":{"line":476,"column":0},"end":{"line":476,"column":32}}},"53":{"name":"OutCubic","line":480,"loc":{"start":{"line":480,"column":0},"end":{"line":480,"column":33}}},"54":{"name":"InOutCubic","line":484,"loc":{"start":{"line":484,"column":0},"end":{"line":484,"column":35}}},"55":{"name":"InQuart","line":491,"loc":{"start":{"line":491,"column":0},"end":{"line":491,"column":32}}},"56":{"name":"OutQuart","line":495,"loc":{"start":{"line":495,"column":0},"end":{"line":495,"column":33}}},"57":{"name":"InOutQuart","line":499,"loc":{"start":{"line":499,"column":0},"end":{"line":499,"column":35}}},"58":{"name":"InQuint","line":506,"loc":{"start":{"line":506,"column":0},"end":{"line":506,"column":32}}},"59":{"name":"OutQuint","line":510,"loc":{"start":{"line":510,"column":0},"end":{"line":510,"column":33}}},"60":{"name":"InOutQuint","line":514,"loc":{"start":{"line":514,"column":0},"end":{"line":514,"column":35}}},"61":{"name":"InSine","line":521,"loc":{"start":{"line":521,"column":0},"end":{"line":521,"column":31}}},"62":{"name":"OutSine","line":525,"loc":{"start":{"line":525,"column":0},"end":{"line":525,"column":32}}},"63":{"name":"InOutSine","line":529,"loc":{"start":{"line":529,"column":0},"end":{"line":529,"column":34}}},"64":{"name":"InExpo","line":533,"loc":{"start":{"line":533,"column":0},"end":{"line":533,"column":31}}},"65":{"name":"OutExpo","line":537,"loc":{"start":{"line":537,"column":0},"end":{"line":537,"column":32}}},"66":{"name":"InOutExpo","line":541,"loc":{"start":{"line":541,"column":0},"end":{"line":541,"column":34}}},"67":{"name":"InCirc","line":548,"loc":{"start":{"line":548,"column":0},"end":{"line":548,"column":31}}},"68":{"name":"OutCirc","line":552,"loc":{"start":{"line":552,"column":0},"end":{"line":552,"column":32}}},"69":{"name":"InOutCirc","line":556,"loc":{"start":{"line":556,"column":0},"end":{"line":556,"column":34}}},"70":{"name":"InElastic","line":563,"loc":{"start":{"line":563,"column":0},"end":{"line":563,"column":34}}},"71":{"name":"OutElastic","line":579,"loc":{"start":{"line":579,"column":0},"end":{"line":579,"column":35}}},"72":{"name":"InOutElastic","line":595,"loc":{"start":{"line":595,"column":0},"end":{"line":595,"column":37}}},"73":{"name":"InBack","line":614,"loc":{"start":{"line":614,"column":0},"end":{"line":614,"column":31}}},"74":{"name":"OutBack","line":620,"loc":{"start":{"line":620,"column":0},"end":{"line":620,"column":32}}},"75":{"name":"InOutBack","line":626,"loc":{"start":{"line":626,"column":0},"end":{"line":626,"column":34}}},"76":{"name":"OutBounce","line":635,"loc":{"start":{"line":635,"column":0},"end":{"line":635,"column":34}}},"77":{"name":"InBounce","line":647,"loc":{"start":{"line":647,"column":0},"end":{"line":647,"column":33}}},"78":{"name":"InOutBounce","line":651,"loc":{"start":{"line":651,"column":0},"end":{"line":651,"column":36}}},"79":{"name":"raf","line":705,"loc":{"start":{"line":705,"column":10},"end":{"line":705,"column":33}}},"80":{"name":"(anonymous_80)","line":708,"loc":{"start":{"line":708,"column":26},"end":{"line":708,"column":38}}},"81":{"name":"caf","line":719,"loc":{"start":{"line":719,"column":10},"end":{"line":719,"column":27}}},"82":{"name":"(anonymous_82)","line":725,"loc":{"start":{"line":725,"column":18},"end":{"line":725,"column":30}}},"83":{"name":"ScrollTween","line":726,"loc":{"start":{"line":726,"column":2},"end":{"line":726,"column":27}}},"84":{"name":"run","line":740,"loc":{"start":{"line":740,"column":11},"end":{"line":740,"column":39}}},"85":{"name":"(anonymous_85)","line":749,"loc":{"start":{"line":749,"column":17},"end":{"line":749,"column":29}}},"86":{"name":"(anonymous_86)","line":751,"loc":{"start":{"line":751,"column":26},"end":{"line":751,"column":42}}},"87":{"name":"stop","line":758,"loc":{"start":{"line":758,"column":11},"end":{"line":758,"column":27}}},"88":{"name":"_loop","line":778,"loc":{"start":{"line":778,"column":11},"end":{"line":778,"column":32}}},"89":{"name":"(anonymous_89)","line":804,"loc":{"start":{"line":804,"column":18},"end":{"line":804,"column":40}}},"90":{"name":"(anonymous_90)","line":813,"loc":{"start":{"line":813,"column":20},"end":{"line":813,"column":42}}},"91":{"name":"(anonymous_91)","line":819,"loc":{"start":{"line":819,"column":25},"end":{"line":819,"column":48}}},"92":{"name":"calcStartProps","line":828,"loc":{"start":{"line":828,"column":11},"end":{"line":828,"column":41}}},"93":{"name":"(anonymous_93)","line":855,"loc":{"start":{"line":855,"column":18},"end":{"line":855,"column":30}}},"94":{"name":"(anonymous_94)","line":869,"loc":{"start":{"line":869,"column":18},"end":{"line":869,"column":30}}},"95":{"name":"SweetScroll","line":878,"loc":{"start":{"line":878,"column":2},"end":{"line":878,"column":25}}},"96":{"name":"log","line":920,"loc":{"start":{"line":920,"column":11},"end":{"line":920,"column":33}}},"97":{"name":"getScrollOffset","line":936,"loc":{"start":{"line":936,"column":11},"end":{"line":936,"column":55}}},"98":{"name":"normalizeScrollOffset","line":986,"loc":{"start":{"line":986,"column":11},"end":{"line":986,"column":59}}},"99":{"name":"to","line":1016,"loc":{"start":{"line":1016,"column":11},"end":{"line":1016,"column":33}}},"100":{"name":"complete","line":1068,"loc":{"start":{"line":1068,"column":18},"end":{"line":1068,"column":38}}},"101":{"name":"step","line":1090,"loc":{"start":{"line":1090,"column":14},"end":{"line":1090,"column":48}}},"102":{"name":"toTop","line":1108,"loc":{"start":{"line":1108,"column":11},"end":{"line":1108,"column":36}}},"103":{"name":"toLeft","line":1126,"loc":{"start":{"line":1126,"column":11},"end":{"line":1126,"column":37}}},"104":{"name":"toElement","line":1144,"loc":{"start":{"line":1144,"column":11},"end":{"line":1144,"column":34}}},"105":{"name":"stop","line":1165,"loc":{"start":{"line":1165,"column":11},"end":{"line":1165,"column":27}}},"106":{"name":"update","line":1189,"loc":{"start":{"line":1189,"column":11},"end":{"line":1189,"column":29}}},"107":{"name":"destroy","line":1213,"loc":{"start":{"line":1213,"column":11},"end":{"line":1213,"column":30}}},"108":{"name":"beforeScroll","line":1238,"loc":{"start":{"line":1238,"column":11},"end":{"line":1238,"column":52}}},"109":{"name":"cancelScroll","line":1249,"loc":{"start":{"line":1249,"column":11},"end":{"line":1249,"column":35}}},"110":{"name":"afterScroll","line":1260,"loc":{"start":{"line":1260,"column":11},"end":{"line":1260,"column":51}}},"111":{"name":"completeScroll","line":1270,"loc":{"start":{"line":1270,"column":11},"end":{"line":1270,"column":45}}},"112":{"name":"stepScroll","line":1281,"loc":{"start":{"line":1281,"column":11},"end":{"line":1281,"column":51}}},"113":{"name":"parseCoodinate","line":1292,"loc":{"start":{"line":1292,"column":11},"end":{"line":1292,"column":46}}},"114":{"name":"updateURLHash","line":1367,"loc":{"start":{"line":1367,"column":11},"end":{"line":1367,"column":53}}},"115":{"name":"getContainer","line":1381,"loc":{"start":{"line":1381,"column":11},"end":{"line":1381,"column":43}}},"116":{"name":"bindContainerClick","line":1409,"loc":{"start":{"line":1409,"column":11},"end":{"line":1409,"column":41}}},"117":{"name":"unbindContainerClick","line":1425,"loc":{"start":{"line":1425,"column":11},"end":{"line":1425,"column":43}}},"118":{"name":"bindContainerStop","line":1441,"loc":{"start":{"line":1441,"column":11},"end":{"line":1441,"column":40}}},"119":{"name":"unbindContainerStop","line":1457,"loc":{"start":{"line":1457,"column":11},"end":{"line":1457,"column":42}}},"120":{"name":"hook","line":1476,"loc":{"start":{"line":1476,"column":11},"end":{"line":1476,"column":40}}},"121":{"name":"handleStopScroll","line":1503,"loc":{"start":{"line":1503,"column":11},"end":{"line":1503,"column":40}}},"122":{"name":"handleContainerClick","line":1521,"loc":{"start":{"line":1521,"column":11},"end":{"line":1521,"column":44}}},"123":{"name":"parseDataOptions","line":1560,"loc":{"start":{"line":1560,"column":11},"end":{"line":1560,"column":41}}}},"statementMap":{"1":{"start":{"line":9,"column":0},"end":{"line":1597,"column":5}},"2":{"start":{"line":10,"column":4},"end":{"line":12,"column":37}},"3":{"start":{"line":15,"column":0},"end":{"line":15,"column":19}},"4":{"start":{"line":16,"column":0},"end":{"line":16,"column":19}},"5":{"start":{"line":17,"column":0},"end":{"line":17,"column":19}},"6":{"start":{"line":18,"column":0},"end":{"line":18,"column":19}},"7":{"start":{"line":19,"column":0},"end":{"line":19,"column":21}},"8":{"start":{"line":20,"column":0},"end":{"line":20,"column":21}},"9":{"start":{"line":21,"column":0},"end":{"line":21,"column":17}},"10":{"start":{"line":22,"column":0},"end":{"line":22,"column":19}},"11":{"start":{"line":23,"column":0},"end":{"line":23,"column":19}},"12":{"start":{"line":24,"column":0},"end":{"line":24,"column":23}},"13":{"start":{"line":26,"column":0},"end":{"line":30,"column":2}},"14":{"start":{"line":27,"column":2},"end":{"line":27,"column":20}},"15":{"start":{"line":29,"column":2},"end":{"line":29,"column":127}},"16":{"start":{"line":42,"column":0},"end":{"line":46,"column":2}},"17":{"start":{"line":43,"column":2},"end":{"line":45,"column":3}},"18":{"start":{"line":44,"column":4},"end":{"line":44,"column":61}},"19":{"start":{"line":48,"column":0},"end":{"line":64,"column":4}},"20":{"start":{"line":49,"column":2},"end":{"line":57,"column":3}},"21":{"start":{"line":50,"column":4},"end":{"line":56,"column":5}},"22":{"start":{"line":51,"column":6},"end":{"line":51,"column":32}},"23":{"start":{"line":52,"column":6},"end":{"line":52,"column":61}},"24":{"start":{"line":53,"column":6},"end":{"line":53,"column":37}},"25":{"start":{"line":54,"column":6},"end":{"line":54,"column":60}},"26":{"start":{"line":54,"column":33},"end":{"line":54,"column":60}},"27":{"start":{"line":55,"column":6},"end":{"line":55,"column":64}},"28":{"start":{"line":59,"column":2},"end":{"line":63,"column":4}},"29":{"start":{"line":60,"column":4},"end":{"line":60,"column":72}},"30":{"start":{"line":60,"column":20},"end":{"line":60,"column":72}},"31":{"start":{"line":61,"column":4},"end":{"line":61,"column":64}},"32":{"start":{"line":61,"column":21},"end":{"line":61,"column":64}},"33":{"start":{"line":62,"column":4},"end":{"line":62,"column":23}},"34":{"start":{"line":72,"column":0},"end":{"line":95,"column":2}},"35":{"start":{"line":73,"column":2},"end":{"line":73,"column":51}},"36":{"start":{"line":73,"column":23},"end":{"line":73,"column":51}},"37":{"start":{"line":74,"column":2},"end":{"line":74,"column":63}},"38":{"start":{"line":76,"column":2},"end":{"line":94,"column":3}},"39":{"start":{"line":77,"column":4},"end":{"line":77,"column":47}},"40":{"start":{"line":79,"column":4},"end":{"line":83,"column":5}},"41":{"start":{"line":80,"column":6},"end":{"line":80,"column":23}},"42":{"start":{"line":82,"column":6},"end":{"line":82,"column":45}},"43":{"start":{"line":84,"column":9},"end":{"line":94,"column":3}},"44":{"start":{"line":85,"column":4},"end":{"line":85,"column":22}},"45":{"start":{"line":87,"column":4},"end":{"line":87,"column":26}},"46":{"start":{"line":89,"column":4},"end":{"line":91,"column":5}},"47":{"start":{"line":90,"column":6},"end":{"line":90,"column":23}},"48":{"start":{"line":93,"column":4},"end":{"line":93,"column":33}},"49":{"start":{"line":113,"column":0},"end":{"line":133,"column":2}},"50":{"start":{"line":114,"column":2},"end":{"line":114,"column":63}},"51":{"start":{"line":116,"column":2},"end":{"line":130,"column":3}},"52":{"start":{"line":117,"column":4},"end":{"line":117,"column":47}},"53":{"start":{"line":119,"column":4},"end":{"line":121,"column":5}},"54":{"start":{"line":120,"column":6},"end":{"line":120,"column":45}},"55":{"start":{"line":122,"column":9},"end":{"line":130,"column":3}},"56":{"start":{"line":123,"column":4},"end":{"line":123,"column":23}},"57":{"start":{"line":125,"column":4},"end":{"line":125,"column":26}},"58":{"start":{"line":127,"column":4},"end":{"line":129,"column":5}},"59":{"start":{"line":128,"column":6},"end":{"line":128,"column":35}},"60":{"start":{"line":132,"column":2},"end":{"line":132,"column":15}},"61":{"start":{"line":135,"column":0},"end":{"line":135,"column":37}},"62":{"start":{"line":136,"column":0},"end":{"line":136,"column":83}},"63":{"start":{"line":137,"column":0},"end":{"line":137,"column":20}},"64":{"start":{"line":139,"column":0},"end":{"line":141,"column":3}},"65":{"start":{"line":140,"column":2},"end":{"line":140,"column":59}},"66":{"start":{"line":143,"column":0},"end":{"line":149,"column":1}},"67":{"start":{"line":144,"column":2},"end":{"line":146,"column":3}},"68":{"start":{"line":145,"column":4},"end":{"line":145,"column":14}},"69":{"start":{"line":148,"column":2},"end":{"line":148,"column":229}},"70":{"start":{"line":151,"column":0},"end":{"line":153,"column":1}},"71":{"start":{"line":152,"column":2},"end":{"line":152,"column":35}},"72":{"start":{"line":155,"column":0},"end":{"line":157,"column":1}},"73":{"start":{"line":156,"column":2},"end":{"line":156,"column":35}},"74":{"start":{"line":161,"column":0},"end":{"line":163,"column":1}},"75":{"start":{"line":162,"column":2},"end":{"line":162,"column":37}},"76":{"start":{"line":165,"column":0},"end":{"line":167,"column":1}},"77":{"start":{"line":166,"column":2},"end":{"line":166,"column":28}},"78":{"start":{"line":169,"column":0},"end":{"line":173,"column":1}},"79":{"start":{"line":170,"column":2},"end":{"line":170,"column":47}},"80":{"start":{"line":172,"column":2},"end":{"line":172,"column":70}},"81":{"start":{"line":175,"column":0},"end":{"line":177,"column":1}},"82":{"start":{"line":176,"column":2},"end":{"line":176,"column":57}},"83":{"start":{"line":179,"column":0},"end":{"line":181,"column":1}},"84":{"start":{"line":180,"column":2},"end":{"line":180,"column":52}},"85":{"start":{"line":183,"column":0},"end":{"line":185,"column":1}},"86":{"start":{"line":184,"column":2},"end":{"line":184,"column":40}},"87":{"start":{"line":189,"column":0},"end":{"line":206,"column":1}},"88":{"start":{"line":190,"column":2},"end":{"line":190,"column":30}},"89":{"start":{"line":190,"column":19},"end":{"line":190,"column":30}},"90":{"start":{"line":192,"column":2},"end":{"line":192,"column":27}},"91":{"start":{"line":194,"column":2},"end":{"line":203,"column":3}},"92":{"start":{"line":195,"column":4},"end":{"line":198,"column":5}},"93":{"start":{"line":196,"column":6},"end":{"line":196,"column":39}},"94":{"start":{"line":196,"column":30},"end":{"line":196,"column":39}},"95":{"start":{"line":197,"column":6},"end":{"line":197,"column":60}},"96":{"start":{"line":197,"column":54},"end":{"line":197,"column":60}},"97":{"start":{"line":199,"column":9},"end":{"line":203,"column":3}},"98":{"start":{"line":200,"column":4},"end":{"line":202,"column":5}},"99":{"start":{"line":201,"column":6},"end":{"line":201,"column":56}},"100":{"start":{"line":201,"column":50},"end":{"line":201,"column":56}},"101":{"start":{"line":205,"column":2},"end":{"line":205,"column":13}},"102":{"start":{"line":208,"column":0},"end":{"line":220,"column":1}},"103":{
[...]
");","          } else {","            _this.hook(params, \"afterScroll\", scroll, trigger);","          }","","          // Call `completeScroll`","          _this.hook(params, \"completeScroll\", _this._shouldCallCancelScroll);","        },","        step: function step(currentTime, props) {","          _this.hook(params, \"stepScroll\", currentTime, props);","        }","      });","","      // Bind the scroll stop events","      this.bindContainerStop();","    }","","    /**","     * Scroll animation to the specified top position","     * @param {*} distance","     * @param {Object} options","     * @return {void}","     */","","  }, {","    key: \"toTop\",","    value: function toTop(distance) {","      var options = arguments.length > 1 && arguments[1] !== undefined ? arguments[1] : {};","","      this.to(distance, merge({}, options, {","        verticalScroll: true,","        horizontalScroll: false","      }));","    }","","    /**","     * Scroll animation to the specified left position","     * @param {*} distance","     * @param {Object} options","     * @return {void}","     */","","  }, {","    key: \"toLeft\",","    value: function toLeft(distance) {","      var options = arguments.length > 1 && arguments[1] !== undefined ? arguments[1] : {};","","      this.to(distance, merge({}, options, {","        verticalScroll: false,","        horizontalScroll: true","      }));","    }","","    /**","     * Scroll animation to the specified element","     * @param {Element} el","     * @param {Object} options","     * @return {void}","     */","","  }, {","    key: \"toElement\",","    value: function toElement(el) {","      var options = arguments.length > 1 && arguments[1] !== undefined ? arguments[1] : {};","","      if (this.isSSR) return;","","      if (el instanceof Element) {","        var offset = getOffset(el, this.container);","        this.to(offset, merge({}, options));","      } else {","        this.log(\"Invalid parameter.\");","      }","    }","","    /**","     * Stop the current animation","     * @param {Boolean} gotoEnd","     * @return {void}","     */","","  }, {","    key: \"stop\",","    value: function stop() {","      var gotoEnd = arguments.length > 0 && arguments[0] !== undefined ? arguments[0] : false;","","      if (this.isSSR) return;","","      if (!this.container) {","        this.log(\"Not found scrollable container.\");","      } else {","        if (this._stopScrollListener) {","          this._shouldCallCancelScroll = true;","        }","","        this.tween.stop(gotoEnd);","      }","    }","","    /**","     * Update the instance","     * @param {Object} options","     * @return {void}","     */","","  }, {","    key: \"update\",","    value: function update() {","      var options = arguments.length > 0 && arguments[0] !== undefined ? arguments[0] : {};","","      if (!this.container) {","        if (!this.isSSR) {","          this.log(\"Not found scrollable container.\");","        }","      } else {","        this.stop();","        this.unbindContainerClick();","        this.unbindContainerStop();","        this.options = merge({}, this.options, options);","        this.header = $(this.options.header);","        this.bindContainerClick();","      }","    }","","    /**","     * Destroy SweetScroll instance","     * @return {void}","     */","","  }, {","    key: \"destroy\",","    value: function destroy() {","      if (!this.container) {","        if (!this.isSSR) {","          this.log(\"Not found scrollable container.\");","        }","      } else {","        this.stop();","        this.unbindContainerClick();","        this.unbindContainerStop();","        this.container = null;","        this.header = null;","        this.tween = null;","      }","    }","","    /* eslint-disable no-unused-vars */","    /**","     * Called at before of the scroll.","     * @param {Object} toScroll","     * @param {Element} trigger","     * @return {Boolean}","     */","","  }, {","    key: \"beforeScroll\",","    value: function beforeScroll(toScroll, trigger) {","      return true;","    }","","    /**","     * Called at cancel of the scroll.","     * @return {void}","     */","","  }, {","    key: \"cancelScroll\",","    value: function cancelScroll() {}","","    /**","     * Called at after of the scroll.","     * @param {Object} toScroll","     * @param {Element} trigger","     * @return {void}","     */","","  }, {","    key: \"afterScroll\",","    value: function afterScroll(toScroll, trigger) {}","","    /**","     * Called at complete of the scroll.","     * @param {Boolean} isCancel","     * @return {void}","     */","","  }, {","    key: \"completeScroll\",","    value: function completeScroll(isCancel) {}","","    /**","     * Called at each animation frame of the scroll.","     * @param {Float} currentTime","     * @param {Object} props","     * @return {void}","     */","","  }, {","    key: \"stepScroll\",","    value: function stepScroll(currentTime, props) {}","    /* eslint-enable no-unused-vars */","","    /**","     * Parse the value of coordinate","     * @param {*} coodinate","     * @return {Object}","     */","","  }, {","    key: \"parseCoodinate\",","    value: function parseCoodinate(coodinate) {","      var enableTop = this._options ? this._options.verticalScroll : this.options.verticalScroll;","      var scroll = { top: 0, left: 0 };","","      // Object","      if (hasProp(coodinate, \"top\") || hasProp(coodinate, \"left\")) {","        scroll = merge(scroll, coodinate);","","        // Array","      } else if (isArray(coodinate)) {","        if (coodinate.length === 2) {","          scroll.top = coodinate[0];","          scroll.left = coodinate[1];","        } else {","          scroll.top = enableTop ? coodinate[0] : 0;","          scroll.left = !enableTop ? coodinate[0] : 0;","        }","","        // Number","      } else if (isNumeric(coodinate)) {","        scroll.top = enableTop ? coodinate : 0;","        scroll.left = !enableTop ? coodinate : 0;","","        // String","      } else if (isString(coodinate)) {","        var trimedCoodinate = removeSpaces(coodinate);","","        // \"{n},{n}\" (Array like syntax)","        if (/^\\d+,\\d+$/.test(trimedCoodinate)) {","          trimedCoodinate = trimedCoodinate.split(\",\");","          scroll.top = trimedCoodinate[0];","          scroll.left = trimedCoodinate[1];","","          // \"top:{n}, left:{n}\" (Object like syntax)","        } else if (/^(top|left):\\d+,?(?:(top|left):\\d+)?$/.test(trimedCoodinate)) {","          var top = trimedCoodinate.match(/top:(\\d+)/);","          var left = trimedCoodinate.match(/left:(\\d+)/);","          scroll.top = top ? top[1] : 0;","          scroll.left = left ? left[1] : 0;","","          // \"+={n}\", \"-={n}\" (Relative position)","        } else if (this.container && /^(\\+|-)=(\\d+)$/.test(trimedCoodinate)) {","          var current = getScroll(this.container, enableTop ? \"y\" : \"x\");","          var results = trimedCoodinate.match(/^(\\+|-)=(\\d+)$/);","          var op = results[1];","          var value = parseInt(results[2], 10);","          if (op === \"+\") {","            scroll.top = enableTop ? current + value : 0;","            scroll.left = !enableTop ? current + value : 0;","          } else {","            scroll.top = enableTop ? current - value : 0;","            scroll.left = !enableTop ? current - value : 0;","          }","        } else {","          return null;","        }","      } else {","        return null;","      }","","      scroll.top = parseInt(scroll.top, 10);","      scroll.left = parseInt(scroll.left, 10);","","      return scroll;","    }","","    /**","     * Update the Hash of the URL.","     * @param {String} hash","     * @param {Boolean | String} historyType","     * @return {void}","     */","","  }, {","    key: \"updateURLHash\",","    value: function updateURLHash(hash, historyType) {","      if (this.isSSR || !history || !historyType) return;","      win.history[historyType === \"replace\" ? \"replaceState\" : \"pushState\"](null, null, hash);","    }","","    /**","     * Get the container for the scroll, depending on the options.","     * @param {String | Element} selector","     * @return {?Element}","     * @private","     */","","  }, {","    key: \"getContainer\",","    value: function getContainer(selector) {","      var _options = this.options,","          verticalScroll = _options.verticalScroll,","          horizontalScroll = _options.horizontalScroll;","","      var container = null;","","      if (this.isSSR) return container;","","      if (verticalScroll) {","        container = scrollableFind(selector, \"y\");","      }","","      if (!container && horizontalScroll) {","        container = scrollableFind(selector, \"x\");","      }","","      return container;","    }","","    /**","     * Bind a click event to the container","     * @return {void}","     * @private","     */","","  }, {","    key: \"bindContainerClick\",","    value: function bindContainerClick() {","      var container = this.container;","","      if (!container) return;","      this._containerClickListener = this.handleContainerClick.bind(this);","      addEvent(container, \"click\", this._containerClickListener);","    }","","    /**","     * Unbind a click event to the container","     * @return {void}","     * @private","     */","","  }, {","    key: \"unbindContainerClick\",","    value: function unbindContainerClick() {","      var container = this.container;","","      if (!container || !this._containerClickListener) return;","      removeEvent(container, \"click\", this._containerClickListener);","      this._containerClickListener = null;","    }","","    /**","     * Bind the scroll stop of events","     * @return {void}","     * @private","     */","","  }, {","    key: \"bindContainerStop\",","    value: function bindContainerStop() {","      var container = this.container;","","      if (!container) return;","      this._stopScrollListener = this.handleStopScroll.bind(this);","      addEvent(container, CONTAINER_STOP_EVENTS, this._stopScrollListener);","    }","","    /**","     * Unbind the scroll stop of events","     * @return {void}","     * @private","     */","","  }, {","    key: \"unbindContainerStop\",","    value: function unbindContainerStop() {","      var container = this.container;","","      if (!container || !this._stopScrollListener) return;","      removeEvent(container, CONTAINER_STOP_EVENTS, this._stopScrollListener);","      this._stopScrollListener = null;","    }","","    /**","     * Call the specified callback","     * @param {Object} options","     * @param {String} type","     * @param {...*} args","     * @return {void}","     * @private","     */","","  }, {","    key: \"hook\",","    value: function hook(options, type) {","      var callback = options[type];","","      // callback","","      for (var _len = arguments.length, args = Array(_len > 2 ? _len - 2 : 0), _key = 2; _key < _len; _key++) {","        args[_key - 2] = arguments[_key];","      }","","      if (isFunction(callback)) {","        var result = callback.apply(this, args);","        if (typeof result === \"undefined\") return result;","      }","","      // method","      return this[type].apply(this, args);","    }","","    /**","     * Handling of scroll stop event","     * @param {Event} e","     * @return {void}","     * @private","     */","","  }, {","    key: \"handleStopScroll\",","    value: function handleStopScroll(e) {","      var stopScroll = this._options ? this._options.stopScroll : this.options.stopScroll;","      if (stopScroll) {","        this.stop();","      } else {","        e.preventDefault();","      }","    }","","    /**","     * Handling of container click event","     * @param {Event} e","     * @return {void}","     * @private","     */","","  }, {","    key: \"handleContainerClick\",","    value: function handleContainerClick(e) {","      var options = this.options;","","      var el = e.target;","","      // Explore parent element until the trigger selector matches","      for (; el && el !== doc; el = el.parentNode) {","        if (!matches(el, options.trigger)) continue;","        var data = el.getAttribute(\"data-scroll\");","        var dataOptions = this.parseDataOptions(el);","        var href = data || el.getAttribute(\"href\");","","        options = merge({}, options, dataOptions);","","        if (options.preventDefault) e.preventDefault();","        if (options.stopPropagation) e.stopPropagation();","","        // Passes the trigger elements to callback","        this._trigger = el;","","        if (options.horizontalScroll && options.verticalScroll) {","          this.to(href, options);","        } else if (options.verticalScroll) {","          this.toTop(href, options);","        } else if (options.horizontalScroll) {","          this.toLeft(href, options);","        }","      }","    }","","    /**","     * Parse the data-scroll-options attribute","     * @param {Element} el","     * @return {Object}","     * @private","     */","","  }, {","    key: \"parseDataOptions\",","    value: function parseDataOptions(el) {","      var options = el.getAttribute(\"data-scroll-options\");","      return options ? JSON.parse(options) : {};","    }","  }]);","  return SweetScroll;","}();","","// Export SweetScroll class","","","SweetScroll.defaults = {","  trigger: \"[data-scroll]\", // Selector for trigger (must be a valid css selector)","  header: \"[data-scroll-header]\", // Selector for fixed header (must be a valid css selector)","  duration: 1000, // Specifies animation duration in integer","  delay: 0, // Specifies timer for delaying the execution of the scroll in milliseconds","  easing: \"easeOutQuint\", // Specifies the pattern of easing","  offset: 0, // Specifies the value to offset the scroll position in pixels","  verticalScroll: true, // Enable the vertical scroll","  horizontalScroll: false, // Enable the horizontal scroll","  stopScroll: true, // When fired wheel or touchstart events to stop scrolling","  updateURL: false, // Update the URL hash on after scroll (true | false | \"push\" | \"replace\")","  preventDefault: true, // Cancels the container element click event","  stopPropagation: true, // Prevents further propagation of the container element click event in the bubbling phase","  outputLog: false, // Specify level of output to log","  quickMode: false, // Instantly scroll to the destination! (It's recommended to use it with `easeOutExpo`)","","  // Callbacks","  beforeScroll: null,","  afterScroll: null,","  cancelScroll: null,","  completeScroll: null,","  stepScroll: null","};","","return SweetScroll;","","})));",""],"l":{"9":1,"10":1,"15":1,"16":1,"17":1,"18":1,"19":1,"20":1,"21":1,"22":1,"23":1,"24":1,"26":1,"27":0,"29":0,"42":1,"43":0,"44":0,"48":1,"49":1,"50":2,"51":30,"52":30,"53":30,"54":30,"55":30,"59":1,"60":2,"61":2,"62":2,"72":1,"73":0,"74":0,"76":0,"77":0,"79":0,"80":0,"82":0,"84":0,"85":0,"87":0,"89":0,"90":0,"93":0,"113":1,"114":0,"116":0,"117":0,"119":0,"120":0,"122":0,"123":0,"125":0,"127":0,"128":0,"132":0,"135":1,"136":1,"137":1,"139":1,"140":6,"143":1,"144":0,"145":0,"148":0,"151":1,"152":0,"155":1,"156":0,"161":1,"162":0,"165":1,"166":0,"169":1,"170":0,"172":0,"175":1,"176":0,"179":1,"180":0,"183":1,"184":0,"189":1,"190":0,"192":0,"194":0,"195":0,"196":0,"197":0,"199":0,"200":0,"201":0,"205":0,"208":1,"209":0,"210":0,"213":0,"214":0,"215":0,"219":0,"222":1,"223":0,"226":1,"228":0,"229":0,"234":0,"235":0,"241":1,"244":1,"245":1,"247":0,"248":0,"249":0,"252":0,"255":1,"256":1,"258":1,"259":0,"261":0,"263":0,"266":1,"267":0,"269":0,"271":0,"274":1,"275":0,"276":0,"277":0,"279":0,"282":1,"287":1,"292":1,"293":0,"296":1,"297":0,"301":0,"304":1,"305":0,"306":0,"308":0,"309":0,"310":0,"311":0,"313":0,"314":0,"316":0,"317":0,"319":0,"320":0,"321":0,"323":0,"324":0,"325":0,"327":0,"329":0,"332":0,"335":0,"338":1,"339":0,"341":0,"344":1,"345":0,"348":1,"349":0,"352":1,"353":0,"356":1,"357":0,"363":1,"364":0,"370":1,"371":0,"372":0,"381":0,"390":1,"391":0,"393":0,"395":0,"398":1,"399":0,"401":0,"402":0,"403":0,"404":0,"406":0,"410":1,"411":0,"413":0,"414":0,"417":0,"419":0,"420":0,"421":0,"422":0,"423":0,"424":0,"425":0,"427":0,"428":0,"429":0,"430":0,"433":0,"439":0,"442":1,"443":0,"444":0,"445":0,"449":1,"450":0,"451":0,"452":0,"457":1,"458":0,"461":1,"462":0,"465":1,"466":0,"469":1,"470":0,"471":0,"473":0,"476":1,"477":0,"480":1,"481":0,"484":1,"485":0,"486":0,"488":0,"491":1,"492":0,"495":1,"496":0,"499":1,"500":0,"501":0,"503":0,"506":1,"507":0,"510":1,"511":0,"514":1,"515":0,"516":0,"518":0,"521":1,"522":0,"525":1,"526":0,"529":1,"530":0,"533":1,"534":0,"537":1,"538":0,"541":1,"542":0,"543":0,"544":0,"545":0,"548":1,"549":0,"552":1,"553":0,"556":1,"557":0,"558":0,"560":0,"563":1,"564":0,"565":0,"566":0,"567":0,"568":0,"569":0,"570":0,"571":0,"572":0,"574":0,"576":0,"579":1,"580":0,"581":0,"582":0,"583":0,"584":0,"585":0,"586":0,"587":0,"588":0,"590":0,"592":0,"595":1,"596":0,"597":0,"598":0,"599":0,"600":0,"601":0,"602":0,"603":0,"604":0,"606":0,"608":0,"609":0,"611":0,"614":1,"615":0,"617":0,"620":1,"621":0,"623":0,"626":1,"627":0,"629":0,"630":0,"632":0,"635":1,"636":0,"637":0,"638":0,"639":0,"640":0,"641":0,"643":0,"647":1,"648":0,"651":1,"652":0,"653":0,"655":0,"658":1,"692":1,"693":1,"695":1,"696":1,"698":1,"699":0,"700":0,"701":0,"704":0,"705":0,"706":0,"707":0,"708":0,"709":0,"712":0,"714":0,"718":0,"719":0,"720":0,"725":1,"726":1,"727":0,"729":0,"730":0,"731":0,"732":0,"733":0,"734":0,"735":0,"738":1,"741":0,"743":0,"744":0,"745":0,"746":0,"747":0,"749":0,"750":0,"751":0,"752":0,"759":0,"760":0,"762":0,"763":0,"764":0,"766":0,"767":0,"768":0,"771":0,"772":0,"773":0,"779":0,"781":0,"782":0,"785":0,"786":0,"788":0,"791":0,"797":0,"800":0,"801":0,"802":0,"804":0,"805":0,"806":0,"807":0,"809":0,"810":0,"813":0,"814":0,"817":0,"818":0,"819":0,"820":0,"823":0,"829":0,"834":0,"835":0,"840":0,"841":0,"844":0,"845":0,"849":0,"852":1,"855":1,"856":1,"858":0,"859":0,"860":0,"861":0,"863":0,"867":1,"869":1,"878":1,"879":0,"880":0,"881":0,"883":0,"884":0,"885":0,"887":0,"888":0,"889":0,"891":0,"892":0,"893":0,"895":0,"899":0,"900":0,"901":0,"902":0,"903":0,"918":1,"921":0,"922":0,"937":0,"940":0,"941":0,"944":0,"945":0,"946":0,"951":0,"952":0,"953":0,"954":0,"958":0,"959":0,"963":0,"964":0,"965":0,"969":0,"970":0,"973":0,"987":0,"989":0,"993":0,"1000":0,"1002":0,"1004":0,"1017":0,"1019":0,"1021":0,"1023":0,"1025":0,"1026":0,"1027":0,"1030":0,"1033":0,"1036":0,"1039":0,"1042":0,"1043":0,"1047":0,"1049":0,"1050":0,"1055":0,"1056":0,"1057":0,"1060":0,"1063":0,"1070":0,"1071":0,"1075":0,"1078":0,"1081":0,"1082":0,"1084":0,"1088":0,"1091":0,"1096":0,"1109":0,"1111":0,"1127":0,"1129":0,"1145":0,"1147":0,"1149":0,"1150":0,"1151":0,"1153":0,"1166":0,"1168":0,"1170":0,"1171":0,"1173":0,"1174":0,"1177":0,"1190":0,"1192":0,"1193":0,"1194":0,"1197":0,"1198":0,"1199":0,"1200":0,"1201":0,"1202":0,"1214":0,"1215":0,"1216":0,"1219":0,"1220":0,"1221":0,"1222":0,"1223":0,"1224":0,"1239":0,"1293":0,"1294":0,"1297":0,"1298":0,"1301":0,"1302":0,"1303":0,"1304":0,"1306":0,"1307":0,"1311":0,"1312":0,"1313":0,"1316":0,"1317":0,"1320":0,"1321":0,"1322":0,"1323":0,"1326":0,"1327":0,"1328":0,"1329":0,"1330":0,"1333":0,"1334":0,"1335":0,"1336":0,"1337":0,"1338":0,"1339":0,"1340":0,"1342":0,"1343":0,"1346":0,"1349":0,"1352":0,"1353":0,"1355":0,"1368":0,"1369":0,"1382":0,"1386":0,"1388":0,"1390":0,"1391":0,"1394":0,"1395":0,"1398":0,"1410":0,"1412":0,"1413":0,"1414":0,"1426":0,"1428":0,"1429":0,"1430":0,"1442":0,"1444":0,"1445":0,"1446":0,"1458":0,"1460":0,"1461":0,"1462":0,"1477":0,"1481":0,"1482":0,"1485":0,"1486":0,"1487":0,"1491":0,"1504":0,"1505":0,"1506":0,"1508":0,"1522":0,"1524":0,"1527":0,"1528":0,"1529":0,"1530":0,"1531":0,"1533":0,"1535":0,"1536":0,"1539":0,"1541":0,"1542":0,"1543":0,"1544":0,"1545":0,"1546":0,"1561":0,"1562":0,"1565":1,"1571":1,"1595":1}}}